{"/home/thouka/KS04-kelompok4-finalProject4/index.js": {"path":"/home/thouka/KS04-kelompok4-finalProject4/index.js","statementMap":{"0":{"start":{"line":2,"column":16},"end":{"line":2,"column":34}},"1":{"start":{"line":3,"column":17},"end":{"line":3,"column":43}},"2":{"start":{"line":6,"column":14},"end":{"line":6,"column":45}},"3":{"start":{"line":7,"column":15},"end":{"line":7,"column":47}},"4":{"start":{"line":8,"column":17},"end":{"line":8,"column":51}},"5":{"start":{"line":9,"column":21},"end":{"line":9,"column":58}},"6":{"start":{"line":12,"column":33},"end":{"line":12,"column":82}},"7":{"start":{"line":14,"column":12},"end":{"line":14,"column":21}},"8":{"start":{"line":15,"column":0},"end":{"line":15,"column":23}},"9":{"start":{"line":16,"column":0},"end":{"line":16,"column":48}},"10":{"start":{"line":17,"column":0},"end":{"line":17,"column":24}},"11":{"start":{"line":19,"column":0},"end":{"line":19,"column":33}},"12":{"start":{"line":20,"column":0},"end":{"line":20,"column":26}},"13":{"start":{"line":21,"column":0},"end":{"line":21,"column":30}},"14":{"start":{"line":22,"column":0},"end":{"line":22,"column":38}},"15":{"start":{"line":29,"column":0},"end":{"line":29,"column":20}}},"fnMap":{},"branchMap":{},"s":{"0":3,"1":3,"2":3,"3":3,"4":3,"5":3,"6":3,"7":3,"8":3,"9":3,"10":3,"11":3,"12":3,"13":3,"14":3,"15":3},"f":{},"b":{},"_coverageSchema":"1a1c01bbd47fc00a2c39e90264f33305004495a9","hash":"51f9da9f84431094ff806c735e8bd9809a5c1e42"}
,"/home/thouka/KS04-kelompok4-finalProject4/controllers/CommentsController.js": {"path":"/home/thouka/KS04-kelompok4-finalProject4/controllers/CommentsController.js","statementMap":{"0":{"start":{"line":1,"column":15},"end":{"line":1,"column":41}},"1":{"start":{"line":5,"column":17},"end":{"line":5,"column":25}},"2":{"start":{"line":6,"column":4},"end":{"line":18,"column":5}},"3":{"start":{"line":7,"column":33},"end":{"line":7,"column":41}},"4":{"start":{"line":8,"column":22},"end":{"line":12,"column":8}},"5":{"start":{"line":13,"column":6},"end":{"line":15,"column":9}},"6":{"start":{"line":17,"column":6},"end":{"line":17,"column":70}},"7":{"start":{"line":22,"column":17},"end":{"line":22,"column":25}},"8":{"start":{"line":23,"column":4},"end":{"line":38,"column":5}},"9":{"start":{"line":24,"column":26},"end":{"line":24,"column":36}},"10":{"start":{"line":25,"column":24},"end":{"line":25,"column":32}},"11":{"start":{"line":26,"column":35},"end":{"line":28,"column":8}},"12":{"start":{"line":29,"column":6},"end":{"line":30,"column":65}},"13":{"start":{"line":30,"column":8},"end":{"line":30,"column":65}},"14":{"start":{"line":31,"column":6},"end":{"line":31,"column":71}},"15":{"start":{"line":32,"column":22},"end":{"line":32,"column":76}},"16":{"start":{"line":33,"column":6},"end":{"line":35,"column":9}},"17":{"start":{"line":37,"column":6},"end":{"line":37,"column":70}},"18":{"start":{"line":42,"column":17},"end":{"line":42,"column":25}},"19":{"start":{"line":43,"column":4},"end":{"line":57,"column":5}},"20":{"start":{"line":44,"column":26},"end":{"line":44,"column":36}},"21":{"start":{"line":45,"column":35},"end":{"line":47,"column":8}},"22":{"start":{"line":48,"column":6},"end":{"line":49,"column":65}},"23":{"start":{"line":49,"column":8},"end":{"line":49,"column":65}},"24":{"start":{"line":50,"column":22},"end":{"line":50,"column":76}},"25":{"start":{"line":51,"column":6},"end":{"line":51,"column":61}},"26":{"start":{"line":51,"column":20},"end":{"line":51,"column":61}},"27":{"start":{"line":52,"column":6},"end":{"line":54,"column":9}},"28":{"start":{"line":56,"column":6},"end":{"line":56,"column":70}},"29":{"start":{"line":61,"column":17},"end":{"line":61,"column":25}},"30":{"start":{"line":62,"column":4},"end":{"line":82,"column":5}},"31":{"start":{"line":63,"column":22},"end":{"line":75,"column":8}},"32":{"start":{"line":76,"column":6},"end":{"line":76,"column":61}},"33":{"start":{"line":76,"column":20},"end":{"line":76,"column":61}},"34":{"start":{"line":77,"column":6},"end":{"line":79,"column":9}},"35":{"start":{"line":81,"column":6},"end":{"line":81,"column":70}},"36":{"start":{"line":86,"column":0},"end":{"line":86,"column":36}}},"fnMap":{"0":{"name":"(anonymous_0)","decl":{"start":{"line":4,"column":2},"end":{"line":4,"column":3}},"loc":{"start":{"line":4,"column":38},"end":{"line":19,"column":3}},"line":4},"1":{"name":"(anonymous_1)","decl":{"start":{"line":21,"column":2},"end":{"line":21,"column":3}},"loc":{"start":{"line":21,"column":38},"end":{"line":39,"column":3}},"line":21},"2":{"name":"(anonymous_2)","decl":{"start":{"line":41,"column":2},"end":{"line":41,"column":3}},"loc":{"start":{"line":41,"column":38},"end":{"line":58,"column":3}},"line":41},"3":{"name":"(anonymous_3)","decl":{"start":{"line":60,"column":2},"end":{"line":60,"column":3}},"loc":{"start":{"line":60,"column":35},"end":{"line":83,"column":3}},"line":60}},"branchMap":{"0":{"loc":{"start":{"line":29,"column":6},"end":{"line":30,"column":65}},"type":"if","locations":[{"start":{"line":29,"column":6},"end":{"line":30,"column":65}},{"start":{},"end":{}}],"line":29},"1":{"loc":{"start":{"line":48,"column":6},"end":{"line":49,"column":65}},"type":"if","locations":[{"start":{"line":48,"column":6},"end":{"line":49,"column":65}},{"start":{},"end":{}}],"line":48},"2":{"loc":{"start":{"line":51,"column":6},"end":{"line":51,"column":61}},"type":"if","locations":[{"start":{"line":51,"column":6},"end":{"line":51,"column":61}},{"start":{},"end":{}}],"line":51},"3":{"loc":{"start":{"line":76,"column":6},"end":{"line":76,"column":61}},"type":"if","locations":[{"start":{"line":76,"column":6},"end":{"line":76,"column":61}},{"start":{},"end":{}}],"line":76}},"s":{"0":3,"1":0,"2":0,"3":0,"4":0,"5":0,"6":0,"7":0,"8":0,"9":0,"10":0,"11":0,"12":0,"13":0,"14":0,"15":0,"16":0,"17":0,"18":0,"19":0,"20":0,"21":0,"22":0,"23":0,"24":0,"25":0,"26":0,"27":0,"28":0,"29":0,"30":0,"31":0,"32":0,"33":0,"34":0,"35":0,"36":3},"f":{"0":0,"1":0,"2":0,"3":0},"b":{"0":[0,0],"1":[0,0],"2":[0,0],"3":[0,0]},"_coverageSchema":"1a1c01bbd47fc00a2c39e90264f33305004495a9","hash":"56b1e38c86e87d0208ca74330ed9906dc369066b"}
,"/home/thouka/KS04-kelompok4-finalProject4/controllers/PhotosController.js": {"path":"/home/thouka/KS04-kelompok4-finalProject4/controllers/PhotosController.js","statementMap":{"0":{"start":{"line":2,"column":15},"end":{"line":2,"column":41}},"1":{"start":{"line":3,"column":15},"end":{"line":3,"column":41}},"2":{"start":{"line":7,"column":21},"end":{"line":7,"column":29}},"3":{"start":{"line":8,"column":8},"end":{"line":21,"column":9}},"4":{"start":{"line":9,"column":55},"end":{"line":9,"column":63}},"5":{"start":{"line":10,"column":26},"end":{"line":10,"column":100}},"6":{"start":{"line":11,"column":13},"end":{"line":17,"column":14}},"7":{"start":{"line":19,"column":12},"end":{"line":19,"column":28}},"8":{"start":{"line":20,"column":12},"end":{"line":20,"column":75}},"9":{"start":{"line":25,"column":21},"end":{"line":25,"column":29}},"10":{"start":{"line":26,"column":8},"end":{"line":37,"column":9}},"11":{"start":{"line":27,"column":30},"end":{"line":27,"column":40}},"12":{"start":{"line":28,"column":39},"end":{"line":28,"column":104}},"13":{"start":{"line":29,"column":12},"end":{"line":29,"column":92}},"14":{"start":{"line":29,"column":36},"end":{"line":29,"column":92}},"15":{"start":{"line":30,"column":12},"end":{"line":30,"column":73}},"16":{"start":{"line":31,"column":26},"end":{"line":31,"column":78}},"17":{"start":{"line":32,"column":13},"end":{"line":34,"column":14}},"18":{"start":{"line":36,"column":12},"end":{"line":36,"column":75}},"19":{"start":{"line":41,"column":21},"end":{"line":41,"column":29}},"20":{"start":{"line":42,"column":8},"end":{"line":53,"column":9}},"21":{"start":{"line":43,"column":30},"end":{"line":43,"column":40}},"22":{"start":{"line":44,"column":39},"end":{"line":44,"column":90}},"23":{"start":{"line":45,"column":12},"end":{"line":45,"column":92}},"24":{"start":{"line":45,"column":36},"end":{"line":45,"column":92}},"25":{"start":{"line":46,"column":26},"end":{"line":46,"column":91}},"26":{"start":{"line":47,"column":12},"end":{"line":47,"column":63}},"27":{"start":{"line":47,"column":23},"end":{"line":47,"column":63}},"28":{"start":{"line":48,"column":12},"end":{"line":50,"column":14}},"29":{"start":{"line":52,"column":12},"end":{"line":52,"column":75}},"30":{"start":{"line":57,"column":21},"end":{"line":57,"column":29}},"31":{"start":{"line":58,"column":8},"end":{"line":82,"column":9}},"32":{"start":{"line":59,"column":26},"end":{"line":75,"column":15}},"33":{"start":{"line":76,"column":13},"end":{"line":78,"column":14}},"34":{"start":{"line":80,"column":12},"end":{"line":80,"column":28}},"35":{"start":{"line":81,"column":12},"end":{"line":81,"column":75}},"36":{"start":{"line":87,"column":0},"end":{"line":87,"column":33}}},"fnMap":{"0":{"name":"(anonymous_0)","decl":{"start":{"line":6,"column":4},"end":{"line":6,"column":5}},"loc":{"start":{"line":6,"column":41},"end":{"line":22,"column":5}},"line":6},"1":{"name":"(anonymous_1)","decl":{"start":{"line":24,"column":4},"end":{"line":24,"column":5}},"loc":{"start":{"line":24,"column":41},"end":{"line":38,"column":5}},"line":24},"2":{"name":"(anonymous_2)","decl":{"start":{"line":40,"column":4},"end":{"line":40,"column":5}},"loc":{"start":{"line":40,"column":41},"end":{"line":54,"column":5}},"line":40},"3":{"name":"(anonymous_3)","decl":{"start":{"line":56,"column":4},"end":{"line":56,"column":5}},"loc":{"start":{"line":56,"column":38},"end":{"line":83,"column":5}},"line":56}},"branchMap":{"0":{"loc":{"start":{"line":29,"column":12},"end":{"line":29,"column":92}},"type":"if","locations":[{"start":{"line":29,"column":12},"end":{"line":29,"column":92}},{"start":{},"end":{}}],"line":29},"1":{"loc":{"start":{"line":45,"column":12},"end":{"line":45,"column":92}},"type":"if","locations":[{"start":{"line":45,"column":12},"end":{"line":45,"column":92}},{"start":{},"end":{}}],"line":45},"2":{"loc":{"start":{"line":47,"column":12},"end":{"line":47,"column":63}},"type":"if","locations":[{"start":{"line":47,"column":12},"end":{"line":47,"column":63}},{"start":{},"end":{}}],"line":47}},"s":{"0":3,"1":3,"2":1,"3":1,"4":1,"5":1,"6":1,"7":0,"8":0,"9":1,"10":1,"11":1,"12":1,"13":1,"14":0,"15":1,"16":1,"17":1,"18":0,"19":1,"20":1,"21":1,"22":1,"23":1,"24":0,"25":1,"26":1,"27":0,"28":1,"29":0,"30":1,"31":1,"32":1,"33":1,"34":0,"35":0,"36":3},"f":{"0":1,"1":1,"2":1,"3":1},"b":{"0":[0,1],"1":[0,1],"2":[0,1]},"_coverageSchema":"1a1c01bbd47fc00a2c39e90264f33305004495a9","hash":"13e1b85188b03eb5ea74a8613baeeee01591a466"}
,"/home/thouka/KS04-kelompok4-finalProject4/controllers/SocialMediaController.js": {"path":"/home/thouka/KS04-kelompok4-finalProject4/controllers/SocialMediaController.js","statementMap":{"0":{"start":{"line":1,"column":15},"end":{"line":1,"column":41}},"1":{"start":{"line":5,"column":21},"end":{"line":5,"column":29}},"2":{"start":{"line":6,"column":8},"end":{"line":15,"column":9}},"3":{"start":{"line":7,"column":45},"end":{"line":7,"column":53}},"4":{"start":{"line":8,"column":32},"end":{"line":8,"column":102}},"5":{"start":{"line":9,"column":13},"end":{"line":9,"column":37}},"6":{"start":{"line":10,"column":12},"end":{"line":12,"column":14}},"7":{"start":{"line":14,"column":12},"end":{"line":14,"column":67}},"8":{"start":{"line":18,"column":21},"end":{"line":18,"column":29}},"9":{"start":{"line":19,"column":8},"end":{"line":31,"column":9}},"10":{"start":{"line":20,"column":36},"end":{"line":20,"column":46}},"11":{"start":{"line":21,"column":45},"end":{"line":21,"column":53}},"12":{"start":{"line":22,"column":45},"end":{"line":22,"column":122}},"13":{"start":{"line":23,"column":12},"end":{"line":23,"column":82}},"14":{"start":{"line":23,"column":42},"end":{"line":23,"column":82}},"15":{"start":{"line":24,"column":12},"end":{"line":24,"column":101}},"16":{"start":{"line":25,"column":32},"end":{"line":25,"column":96}},"17":{"start":{"line":26,"column":12},"end":{"line":28,"column":14}},"18":{"start":{"line":30,"column":13},"end":{"line":30,"column":76}},"19":{"start":{"line":35,"column":21},"end":{"line":35,"column":29}},"20":{"start":{"line":36,"column":8},"end":{"line":47,"column":9}},"21":{"start":{"line":37,"column":36},"end":{"line":37,"column":46}},"22":{"start":{"line":38,"column":45},"end":{"line":38,"column":122}},"23":{"start":{"line":39,"column":12},"end":{"line":39,"column":82}},"24":{"start":{"line":39,"column":42},"end":{"line":39,"column":82}},"25":{"start":{"line":40,"column":32},"end":{"line":40,"column":109}},"26":{"start":{"line":41,"column":12},"end":{"line":41,"column":69}},"27":{"start":{"line":41,"column":29},"end":{"line":41,"column":69}},"28":{"start":{"line":42,"column":12},"end":{"line":44,"column":14}},"29":{"start":{"line":46,"column":12},"end":{"line":46,"column":75}},"30":{"start":{"line":51,"column":20},"end":{"line":51,"column":28}},"31":{"start":{"line":52,"column":8},"end":{"line":65,"column":9}},"32":{"start":{"line":53,"column":32},"end":{"line":58,"column":16}},"33":{"start":{"line":60,"column":12},"end":{"line":62,"column":14}},"34":{"start":{"line":64,"column":13},"end":{"line":64,"column":76}},"35":{"start":{"line":70,"column":0},"end":{"line":70,"column":38}}},"fnMap":{"0":{"name":"(anonymous_0)","decl":{"start":{"line":4,"column":4},"end":{"line":4,"column":5}},"loc":{"start":{"line":4,"column":41},"end":{"line":16,"column":5}},"line":4},"1":{"name":"(anonymous_1)","decl":{"start":{"line":17,"column":4},"end":{"line":17,"column":5}},"loc":{"start":{"line":17,"column":41},"end":{"line":32,"column":5}},"line":17},"2":{"name":"(anonymous_2)","decl":{"start":{"line":34,"column":4},"end":{"line":34,"column":5}},"loc":{"start":{"line":34,"column":41},"end":{"line":48,"column":5}},"line":34},"3":{"name":"(anonymous_3)","decl":{"start":{"line":50,"column":4},"end":{"line":50,"column":5}},"loc":{"start":{"line":50,"column":37},"end":{"line":66,"column":5}},"line":50}},"branchMap":{"0":{"loc":{"start":{"line":23,"column":12},"end":{"line":23,"column":82}},"type":"if","locations":[{"start":{"line":23,"column":12},"end":{"line":23,"column":82}},{"start":{},"end":{}}],"line":23},"1":{"loc":{"start":{"line":39,"column":12},"end":{"line":39,"column":82}},"type":"if","locations":[{"start":{"line":39,"column":12},"end":{"line":39,"column":82}},{"start":{},"end":{}}],"line":39},"2":{"loc":{"start":{"line":41,"column":12},"end":{"line":41,"column":69}},"type":"if","locations":[{"start":{"line":41,"column":12},"end":{"line":41,"column":69}},{"start":{},"end":{}}],"line":41}},"s":{"0":3,"1":2,"2":2,"3":2,"4":2,"5":2,"6":2,"7":0,"8":0,"9":0,"10":0,"11":0,"12":0,"13":0,"14":0,"15":0,"16":0,"17":0,"18":0,"19":1,"20":1,"21":1,"22":1,"23":1,"24":1,"25":0,"26":0,"27":0,"28":0,"29":0,"30":1,"31":1,"32":1,"33":1,"34":0,"35":3},"f":{"0":2,"1":0,"2":1,"3":1},"b":{"0":[0,0],"1":[1,0],"2":[0,0]},"_coverageSchema":"1a1c01bbd47fc00a2c39e90264f33305004495a9","hash":"48ea22f25fe335eb42af95c85a43c3a91f38b2ca"}
,"/home/thouka/KS04-kelompok4-finalProject4/controllers/UsersController.js": {"path":"/home/thouka/KS04-kelompok4-finalProject4/controllers/UsersController.js","statementMap":{"0":{"start":{"line":1,"column":15},"end":{"line":1,"column":41}},"1":{"start":{"line":3,"column":24},"end":{"line":3,"column":50}},"2":{"start":{"line":4,"column":15},"end":{"line":4,"column":40}},"3":{"start":{"line":16,"column":8},"end":{"line":16,"column":16}},"4":{"start":{"line":17,"column":4},"end":{"line":59,"column":5}},"5":{"start":{"line":18,"column":6},"end":{"line":18,"column":32}},"6":{"start":{"line":19,"column":28},"end":{"line":19,"column":78}},"7":{"start":{"line":20,"column":6},"end":{"line":23,"column":11}},"8":{"start":{"line":21,"column":8},"end":{"line":23,"column":11}},"9":{"start":{"line":24,"column":31},"end":{"line":26,"column":8}},"10":{"start":{"line":27,"column":6},"end":{"line":30,"column":11}},"11":{"start":{"line":28,"column":8},"end":{"line":30,"column":11}},"12":{"start":{"line":31,"column":34},"end":{"line":33,"column":8}},"13":{"start":{"line":34,"column":6},"end":{"line":37,"column":11}},"14":{"start":{"line":35,"column":8},"end":{"line":37,"column":11}},"15":{"start":{"line":38,"column":19},"end":{"line":46,"column":8}},"16":{"start":{"line":47,"column":6},"end":{"line":56,"column":9}},"17":{"start":{"line":58,"column":6},"end":{"line":58,"column":70}},"18":{"start":{"line":63,"column":4},"end":{"line":78,"column":5}},"19":{"start":{"line":64,"column":32},"end":{"line":64,"column":40}},"20":{"start":{"line":65,"column":28},"end":{"line":68,"column":8}},"21":{"start":{"line":69,"column":6},"end":{"line":69,"column":78}},"22":{"start":{"line":69,"column":26},"end":{"line":69,"column":78}},"23":{"start":{"line":70,"column":6},"end":{"line":71,"column":58}},"24":{"start":{"line":71,"column":8},"end":{"line":71,"column":58}},"25":{"start":{"line":72,"column":20},"end":{"line":72,"column":68}},"26":{"start":{"line":73,"column":6},"end":{"line":75,"column":9}},"27":{"start":{"line":77,"column":6},"end":{"line":77,"column":70}},"28":{"start":{"line":82,"column":17},"end":{"line":82,"column":25}},"29":{"start":{"line":83,"column":22},"end":{"line":83,"column":32}},"30":{"start":{"line":84,"column":4},"end":{"line":104,"column":5}},"31":{"start":{"line":85,"column":6},"end":{"line":86,"column":68}},"32":{"start":{"line":86,"column":8},"end":{"line":86,"column":68}},"33":{"start":{"line":87,"column":6},"end":{"line":87,"column":60}},"34":{"start":{"line":88,"column":19},"end":{"line":88,"column":63}},"35":{"start":{"line":89,"column":6},"end":{"line":98,"column":9}},"36":{"start":{"line":100,"column":6},"end":{"line":103,"column":9}},"37":{"start":{"line":108,"column":17},"end":{"line":108,"column":25}},"38":{"start":{"line":109,"column":22},"end":{"line":109,"column":32}},"39":{"start":{"line":110,"column":4},"end":{"line":119,"column":5}},"40":{"start":{"line":111,"column":6},"end":{"line":112,"column":68}},"41":{"start":{"line":112,"column":8},"end":{"line":112,"column":68}},"42":{"start":{"line":113,"column":19},"end":{"line":113,"column":63}},"43":{"start":{"line":114,"column":6},"end":{"line":116,"column":9}},"44":{"start":{"line":118,"column":6},"end":{"line":118,"column":70}},"45":{"start":{"line":125,"column":0},"end":{"line":125,"column":33}}},"fnMap":{"0":{"name":"(anonymous_0)","decl":{"start":{"line":7,"column":2},"end":{"line":7,"column":3}},"loc":{"start":{"line":7,"column":40},"end":{"line":60,"column":3}},"line":7},"1":{"name":"(anonymous_1)","decl":{"start":{"line":62,"column":2},"end":{"line":62,"column":3}},"loc":{"start":{"line":62,"column":37},"end":{"line":79,"column":3}},"line":62},"2":{"name":"(anonymous_2)","decl":{"start":{"line":81,"column":2},"end":{"line":81,"column":3}},"loc":{"start":{"line":81,"column":38},"end":{"line":105,"column":3}},"line":81},"3":{"name":"(anonymous_3)","decl":{"start":{"line":107,"column":2},"end":{"line":107,"column":3}},"loc":{"start":{"line":107,"column":38},"end":{"line":120,"column":3}},"line":107}},"branchMap":{"0":{"loc":{"start":{"line":20,"column":6},"end":{"line":23,"column":11}},"type":"if","locations":[{"start":{"line":20,"column":6},"end":{"line":23,"column":11}},{"start":{},"end":{}}],"line":20},"1":{"loc":{"start":{"line":27,"column":6},"end":{"line":30,"column":11}},"type":"if","locations":[{"start":{"line":27,"column":6},"end":{"line":30,"column":11}},{"start":{},"end":{}}],"line":27},"2":{"loc":{"start":{"line":34,"column":6},"end":{"line":37,"column":11}},"type":"if","locations":[{"start":{"line":34,"column":6},"end":{"line":37,"column":11}},{"start":{},"end":{}}],"line":34},"3":{"loc":{"start":{"line":69,"column":6},"end":{"line":69,"column":78}},"type":"if","locations":[{"start":{"line":69,"column":6},"end":{"line":69,"column":78}},{"start":{},"end":{}}],"line":69},"4":{"loc":{"start":{"line":70,"column":6},"end":{"line":71,"column":58}},"type":"if","locations":[{"start":{"line":70,"column":6},"end":{"line":71,"column":58}},{"start":{},"end":{}}],"line":70},"5":{"loc":{"start":{"line":85,"column":6},"end":{"line":86,"column":68}},"type":"if","locations":[{"start":{"line":85,"column":6},"end":{"line":86,"column":68}},{"start":{},"end":{}}],"line":85},"6":{"loc":{"start":{"line":111,"column":6},"end":{"line":112,"column":68}},"type":"if","locations":[{"start":{"line":111,"column":6},"end":{"line":112,"column":68}},{"start":{},"end":{}}],"line":111}},"s":{"0":3,"1":3,"2":3,"3":4,"4":4,"5":4,"6":4,"7":4,"8":2,"9":2,"10":2,"11":0,"12":2,"13":2,"14":0,"15":2,"16":2,"17":0,"18":3,"19":3,"20":3,"21":3,"22":0,"23":3,"24":0,"25":3,"26":3,"27":0,"28":1,"29":1,"30":1,"31":1,"32":0,"33":1,"34":1,"35":1,"36":0,"37":0,"38":0,"39":0,"40":0,"41":0,"42":0,"43":0,"44":0,"45":3},"f":{"0":4,"1":3,"2":1,"3":0},"b":{"0":[2,2],"1":[0,2],"2":[0,2],"3":[0,3],"4":[0,3],"5":[0,1],"6":[0,0]},"_coverageSchema":"1a1c01bbd47fc00a2c39e90264f33305004495a9","hash":"fc67399061e35e78b69d710e172dab07667a800a"}
,"/home/thouka/KS04-kelompok4-finalProject4/helpers/Hash.js": {"path":"/home/thouka/KS04-kelompok4-finalProject4/helpers/Hash.js","statementMap":{"0":{"start":{"line":1,"column":15},"end":{"line":1,"column":32}},"1":{"start":{"line":4,"column":2},"end":{"line":4,"column":35}},"2":{"start":{"line":8,"column":2},"end":{"line":8,"column":42}},"3":{"start":{"line":11,"column":0},"end":{"line":14,"column":1}}},"fnMap":{"0":{"name":"hash","decl":{"start":{"line":3,"column":9},"end":{"line":3,"column":13}},"loc":{"start":{"line":3,"column":21},"end":{"line":5,"column":1}},"line":3},"1":{"name":"compare","decl":{"start":{"line":7,"column":9},"end":{"line":7,"column":16}},"loc":{"start":{"line":7,"column":32},"end":{"line":9,"column":1}},"line":7}},"branchMap":{},"s":{"0":3,"1":4,"2":3,"3":3},"f":{"0":4,"1":3},"b":{},"_coverageSchema":"1a1c01bbd47fc00a2c39e90264f33305004495a9","hash":"be2e5e3a1d8b925b783f8387c878cb8c60548473"}
,"/home/thouka/KS04-kelompok4-finalProject4/helpers/Jwt.js": {"path":"/home/thouka/KS04-kelompok4-finalProject4/helpers/Jwt.js","statementMap":{"0":{"start":{"line":1,"column":12},"end":{"line":1,"column":35}},"1":{"start":{"line":4,"column":2},"end":{"line":4,"column":72}},"2":{"start":{"line":8,"column":2},"end":{"line":8,"column":51}},"3":{"start":{"line":11,"column":0},"end":{"line":14,"column":2}}},"fnMap":{"0":{"name":"sign","decl":{"start":{"line":3,"column":9},"end":{"line":3,"column":13}},"loc":{"start":{"line":3,"column":23},"end":{"line":5,"column":1}},"line":3},"1":{"name":"verify","decl":{"start":{"line":7,"column":9},"end":{"line":7,"column":15}},"loc":{"start":{"line":7,"column":23},"end":{"line":9,"column":1}},"line":7}},"branchMap":{},"s":{"0":3,"1":3,"2":9,"3":3},"f":{"0":3,"1":9},"b":{},"_coverageSchema":"1a1c01bbd47fc00a2c39e90264f33305004495a9","hash":"d556ed281f84d5d35149def5d249ed15c8542653"}
,"/home/thouka/KS04-kelompok4-finalProject4/middlewares/AuthenticationMiddleware.js": {"path":"/home/thouka/KS04-kelompok4-finalProject4/middlewares/AuthenticationMiddleware.js","statementMap":{"0":{"start":{"line":1,"column":17},"end":{"line":1,"column":42}},"1":{"start":{"line":3,"column":15},"end":{"line":3,"column":41}},"2":{"start":{"line":6,"column":3},"end":{"line":16,"column":4}},"3":{"start":{"line":7,"column":24},"end":{"line":7,"column":49}},"4":{"start":{"line":8,"column":4},"end":{"line":8,"column":76}},"5":{"start":{"line":8,"column":20},"end":{"line":8,"column":76}},"6":{"start":{"line":9,"column":25},"end":{"line":9,"column":43}},"7":{"start":{"line":10,"column":17},"end":{"line":10,"column":97}},"8":{"start":{"line":11,"column":4},"end":{"line":11,"column":64}},"9":{"start":{"line":11,"column":14},"end":{"line":11,"column":64}},"10":{"start":{"line":12,"column":4},"end":{"line":12,"column":19}},"11":{"start":{"line":13,"column":4},"end":{"line":13,"column":10}},"12":{"start":{"line":15,"column":4},"end":{"line":15,"column":67}},"13":{"start":{"line":19,"column":0},"end":{"line":19,"column":41}}},"fnMap":{"0":{"name":"authenticationMiddleware","decl":{"start":{"line":5,"column":15},"end":{"line":5,"column":39}},"loc":{"start":{"line":5,"column":56},"end":{"line":17,"column":1}},"line":5}},"branchMap":{"0":{"loc":{"start":{"line":8,"column":4},"end":{"line":8,"column":76}},"type":"if","locations":[{"start":{"line":8,"column":4},"end":{"line":8,"column":76}},{"start":{},"end":{}}],"line":8},"1":{"loc":{"start":{"line":11,"column":4},"end":{"line":11,"column":64}},"type":"if","locations":[{"start":{"line":11,"column":4},"end":{"line":11,"column":64}},{"start":{},"end":{}}],"line":11}},"s":{"0":3,"1":3,"2":9,"3":9,"4":9,"5":0,"6":9,"7":9,"8":9,"9":0,"10":9,"11":9,"12":0,"13":3},"f":{"0":9},"b":{"0":[0,9],"1":[0,9]},"_coverageSchema":"1a1c01bbd47fc00a2c39e90264f33305004495a9","hash":"054625bf8436ee64f6008240464b3eebe978b14c"}
,"/home/thouka/KS04-kelompok4-finalProject4/models/comment.js": {"path":"/home/thouka/KS04-kelompok4-finalProject4/models/comment.js","statementMap":{"0":{"start":{"line":4,"column":4},"end":{"line":4,"column":24}},"1":{"start":{"line":5,"column":0},"end":{"line":39,"column":2}},"2":{"start":{"line":16,"column":2},"end":{"line":33,"column":5}},"3":{"start":{"line":34,"column":2},"end":{"line":37,"column":4}},"4":{"start":{"line":35,"column":4},"end":{"line":35,"column":34}},"5":{"start":{"line":36,"column":4},"end":{"line":36,"column":35}},"6":{"start":{"line":38,"column":2},"end":{"line":38,"column":17}}},"fnMap":{"0":{"name":"(anonymous_0)","decl":{"start":{"line":5,"column":17},"end":{"line":5,"column":18}},"loc":{"start":{"line":5,"column":43},"end":{"line":39,"column":1}},"line":5},"1":{"name":"(anonymous_1)","decl":{"start":{"line":12,"column":4},"end":{"line":12,"column":5}},"loc":{"start":{"line":12,"column":29},"end":{"line":14,"column":5}},"line":12},"2":{"name":"(anonymous_2)","decl":{"start":{"line":34,"column":22},"end":{"line":34,"column":23}},"loc":{"start":{"line":34,"column":34},"end":{"line":37,"column":3}},"line":34}},"branchMap":{},"s":{"0":3,"1":3,"2":3,"3":3,"4":3,"5":3,"6":3},"f":{"0":3,"1":0,"2":3},"b":{},"_coverageSchema":"1a1c01bbd47fc00a2c39e90264f33305004495a9","hash":"ccbfe4b0c2069963710eaf082e099a71a5e4a3b6"}
,"/home/thouka/KS04-kelompok4-finalProject4/models/index.js": {"path":"/home/thouka/KS04-kelompok4-finalProject4/models/index.js","statementMap":{"0":{"start":{"line":3,"column":11},"end":{"line":3,"column":24}},"1":{"start":{"line":4,"column":13},"end":{"line":4,"column":28}},"2":{"start":{"line":5,"column":18},"end":{"line":5,"column":38}},"3":{"start":{"line":6,"column":16},"end":{"line":6,"column":34}},"4":{"start":{"line":7,"column":17},"end":{"line":7,"column":42}},"5":{"start":{"line":8,"column":12},"end":{"line":8,"column":49}},"6":{"start":{"line":9,"column":15},"end":{"line":9,"column":65}},"7":{"start":{"line":10,"column":11},"end":{"line":10,"column":13}},"8":{"start":{"line":13,"column":0},"end":{"line":17,"column":1}},"9":{"start":{"line":14,"column":2},"end":{"line":14,"column":74}},"10":{"start":{"line":16,"column":2},"end":{"line":16,"column":87}},"11":{"start":{"line":19,"column":0},"end":{"line":27,"column":5}},"12":{"start":{"line":22,"column":4},"end":{"line":22,"column":90}},"13":{"start":{"line":25,"column":18},"end":{"line":25,"column":85}},"14":{"start":{"line":26,"column":4},"end":{"line":26,"column":27}},"15":{"start":{"line":29,"column":0},"end":{"line":33,"column":3}},"16":{"start":{"line":30,"column":2},"end":{"line":32,"column":3}},"17":{"start":{"line":31,"column":4},"end":{"line":31,"column":32}},"18":{"start":{"line":35,"column":0},"end":{"line":35,"column":25}},"19":{"start":{"line":36,"column":0},"end":{"line":36,"column":25}},"20":{"start":{"line":38,"column":0},"end":{"line":38,"column":20}}},"fnMap":{"0":{"name":"(anonymous_0)","decl":{"start":{"line":21,"column":10},"end":{"line":21,"column":11}},"loc":{"start":{"line":21,"column":18},"end":{"line":23,"column":3}},"line":21},"1":{"name":"(anonymous_1)","decl":{"start":{"line":24,"column":11},"end":{"line":24,"column":12}},"loc":{"start":{"line":24,"column":19},"end":{"line":27,"column":3}},"line":24},"2":{"name":"(anonymous_2)","decl":{"start":{"line":29,"column":24},"end":{"line":29,"column":25}},"loc":{"start":{"line":29,"column":37},"end":{"line":33,"column":1}},"line":29}},"branchMap":{"0":{"loc":{"start":{"line":8,"column":12},"end":{"line":8,"column":49}},"type":"binary-expr","locations":[{"start":{"line":8,"column":12},"end":{"line":8,"column":32}},{"start":{"line":8,"column":36},"end":{"line":8,"column":49}}],"line":8},"1":{"loc":{"start":{"line":13,"column":0},"end":{"line":17,"column":1}},"type":"if","locations":[{"start":{"line":13,"column":0},"end":{"line":17,"column":1}},{"start":{"line":15,"column":7},"end":{"line":17,"column":1}}],"line":13},"2":{"loc":{"start":{"line":22,"column":11},"end":{"line":22,"column":89}},"type":"binary-expr","locations":[{"start":{"line":22,"column":12},"end":{"line":22,"column":35}},{"start":{"line":22,"column":41},"end":{"line":22,"column":58}},{"start":{"line":22,"column":64},"end":{"line":22,"column":88}}],"line":22},"3":{"loc":{"start":{"line":30,"column":2},"end":{"line":32,"column":3}},"type":"if","locations":[{"start":{"line":30,"column":2},"end":{"line":32,"column":3}},{"start":{},"end":{}}],"line":30}},"s":{"0":3,"1":3,"2":3,"3":3,"4":3,"5":3,"6":3,"7":3,"8":3,"9":0,"10":3,"11":3,"12":15,"13":12,"14":12,"15":3,"16":12,"17":12,"18":3,"19":3,"20":3},"f":{"0":15,"1":12,"2":12},"b":{"0":[3,0],"1":[0,3],"2":[15,15,12],"3":[12,0]},"_coverageSchema":"1a1c01bbd47fc00a2c39e90264f33305004495a9","hash":"7b82f4a6604d8d475e3b384cc960eed65a177b53"}
,"/home/thouka/KS04-kelompok4-finalProject4/models/photo.js": {"path":"/home/thouka/KS04-kelompok4-finalProject4/models/photo.js","statementMap":{"0":{"start":{"line":4,"column":4},"end":{"line":4,"column":24}},"1":{"start":{"line":5,"column":0},"end":{"line":73,"column":2}},"2":{"start":{"line":16,"column":2},"end":{"line":67,"column":5}},"3":{"start":{"line":68,"column":2},"end":{"line":71,"column":3}},"4":{"start":{"line":69,"column":4},"end":{"line":69,"column":33}},"5":{"start":{"line":70,"column":4},"end":{"line":70,"column":32}},"6":{"start":{"line":72,"column":2},"end":{"line":72,"column":15}}},"fnMap":{"0":{"name":"(anonymous_0)","decl":{"start":{"line":5,"column":17},"end":{"line":5,"column":18}},"loc":{"start":{"line":5,"column":43},"end":{"line":73,"column":1}},"line":5},"1":{"name":"(anonymous_1)","decl":{"start":{"line":12,"column":4},"end":{"line":12,"column":5}},"loc":{"start":{"line":12,"column":29},"end":{"line":14,"column":5}},"line":12},"2":{"name":"(anonymous_2)","decl":{"start":{"line":68,"column":20},"end":{"line":68,"column":21}},"loc":{"start":{"line":68,"column":32},"end":{"line":71,"column":3}},"line":68}},"branchMap":{},"s":{"0":3,"1":3,"2":3,"3":3,"4":3,"5":3,"6":3},"f":{"0":3,"1":0,"2":3},"b":{},"_coverageSchema":"1a1c01bbd47fc00a2c39e90264f33305004495a9","hash":"8a02f0fee0deacce4a41bf659c68d318a3943840"}
,"/home/thouka/KS04-kelompok4-finalProject4/models/socialmedia.js": {"path":"/home/thouka/KS04-kelompok4-finalProject4/models/socialmedia.js","statementMap":{"0":{"start":{"line":4,"column":4},"end":{"line":4,"column":24}},"1":{"start":{"line":5,"column":0},"end":{"line":57,"column":2}},"2":{"start":{"line":16,"column":2},"end":{"line":52,"column":5}},"3":{"start":{"line":53,"column":2},"end":{"line":55,"column":3}},"4":{"start":{"line":54,"column":4},"end":{"line":54,"column":38}},"5":{"start":{"line":56,"column":2},"end":{"line":56,"column":21}}},"fnMap":{"0":{"name":"(anonymous_0)","decl":{"start":{"line":5,"column":17},"end":{"line":5,"column":18}},"loc":{"start":{"line":5,"column":43},"end":{"line":57,"column":1}},"line":5},"1":{"name":"(anonymous_1)","decl":{"start":{"line":12,"column":4},"end":{"line":12,"column":5}},"loc":{"start":{"line":12,"column":29},"end":{"line":14,"column":5}},"line":12},"2":{"name":"(anonymous_2)","decl":{"start":{"line":53,"column":26},"end":{"line":53,"column":27}},"loc":{"start":{"line":53,"column":38},"end":{"line":55,"column":3}},"line":53}},"branchMap":{},"s":{"0":3,"1":3,"2":3,"3":3,"4":3,"5":3},"f":{"0":3,"1":0,"2":3},"b":{},"_coverageSchema":"1a1c01bbd47fc00a2c39e90264f33305004495a9","hash":"14c20d53c1bdd475048a33d95139ed0e8067b6e5"}
,"/home/thouka/KS04-kelompok4-finalProject4/models/user.js": {"path":"/home/thouka/KS04-kelompok4-finalProject4/models/user.js","statementMap":{"0":{"start":{"line":4,"column":4},"end":{"line":4,"column":24}},"1":{"start":{"line":5,"column":0},"end":{"line":105,"column":2}},"2":{"start":{"line":16,"column":2},"end":{"line":101,"column":5}},"3":{"start":{"line":102,"column":2},"end":{"line":103,"column":3}},"4":{"start":{"line":104,"column":2},"end":{"line":104,"column":14}}},"fnMap":{"0":{"name":"(anonymous_0)","decl":{"start":{"line":5,"column":17},"end":{"line":5,"column":18}},"loc":{"start":{"line":5,"column":43},"end":{"line":105,"column":1}},"line":5},"1":{"name":"(anonymous_1)","decl":{"start":{"line":12,"column":4},"end":{"line":12,"column":5}},"loc":{"start":{"line":12,"column":29},"end":{"line":14,"column":5}},"line":12},"2":{"name":"(anonymous_2)","decl":{"start":{"line":102,"column":19},"end":{"line":102,"column":20}},"loc":{"start":{"line":102,"column":31},"end":{"line":103,"column":3}},"line":102}},"branchMap":{},"s":{"0":3,"1":3,"2":3,"3":3,"4":3},"f":{"0":3,"1":0,"2":3},"b":{},"_coverageSchema":"1a1c01bbd47fc00a2c39e90264f33305004495a9","hash":"6b7577ad47c39653ff9a666c1b6053e45bc8825e"}
,"/home/thouka/KS04-kelompok4-finalProject4/routes/CommentsRouter.js": {"path":"/home/thouka/KS04-kelompok4-finalProject4/routes/CommentsRouter.js","statementMap":{"0":{"start":{"line":1,"column":15},"end":{"line":1,"column":42}},"1":{"start":{"line":2,"column":27},"end":{"line":2,"column":71}},"2":{"start":{"line":4,"column":0},"end":{"line":4,"column":43}},"3":{"start":{"line":5,"column":0},"end":{"line":5,"column":39}},"4":{"start":{"line":6,"column":0},"end":{"line":6,"column":52}},"5":{"start":{"line":7,"column":0},"end":{"line":7,"column":55}},"6":{"start":{"line":9,"column":0},"end":{"line":9,"column":23}}},"fnMap":{},"branchMap":{},"s":{"0":3,"1":3,"2":3,"3":3,"4":3,"5":3,"6":3},"f":{},"b":{},"_coverageSchema":"1a1c01bbd47fc00a2c39e90264f33305004495a9","hash":"60fdcacf2f32abe1e348a50d3a0ec87211f90b0b"}
,"/home/thouka/KS04-kelompok4-finalProject4/routes/PhotosRouter.js": {"path":"/home/thouka/KS04-kelompok4-finalProject4/routes/PhotosRouter.js","statementMap":{"0":{"start":{"line":1,"column":15},"end":{"line":1,"column":42}},"1":{"start":{"line":2,"column":14},"end":{"line":2,"column":56}},"2":{"start":{"line":4,"column":0},"end":{"line":4,"column":30}},"3":{"start":{"line":5,"column":0},"end":{"line":5,"column":37}},"4":{"start":{"line":6,"column":0},"end":{"line":6,"column":40}},"5":{"start":{"line":7,"column":0},"end":{"line":7,"column":26}},"6":{"start":{"line":12,"column":0},"end":{"line":12,"column":23}}},"fnMap":{},"branchMap":{},"s":{"0":3,"1":3,"2":3,"3":3,"4":3,"5":3,"6":3},"f":{},"b":{},"_coverageSchema":"1a1c01bbd47fc00a2c39e90264f33305004495a9","hash":"f2ea8d45e780d45c4c750bfa7c81bbdb4b4a2a05"}
,"/home/thouka/KS04-kelompok4-finalProject4/routes/SocialMediaRouter.js": {"path":"/home/thouka/KS04-kelompok4-finalProject4/routes/SocialMediaRouter.js","statementMap":{"0":{"start":{"line":1,"column":15},"end":{"line":1,"column":42}},"1":{"start":{"line":2,"column":20},"end":{"line":2,"column":67}},"2":{"start":{"line":5,"column":0},"end":{"line":5,"column":36}},"3":{"start":{"line":6,"column":0},"end":{"line":6,"column":49}},"4":{"start":{"line":7,"column":0},"end":{"line":7,"column":52}},"5":{"start":{"line":8,"column":0},"end":{"line":8,"column":32}},"6":{"start":{"line":11,"column":0},"end":{"line":11,"column":23}}},"fnMap":{},"branchMap":{},"s":{"0":3,"1":3,"2":3,"3":3,"4":3,"5":3,"6":3},"f":{},"b":{},"_coverageSchema":"1a1c01bbd47fc00a2c39e90264f33305004495a9","hash":"087a83d142d1d3f186abf08b7570b16720f92b34"}
,"/home/thouka/KS04-kelompok4-finalProject4/routes/UsersRouter.js": {"path":"/home/thouka/KS04-kelompok4-finalProject4/routes/UsersRouter.js","statementMap":{"0":{"start":{"line":1,"column":15},"end":{"line":1,"column":42}},"1":{"start":{"line":2,"column":14},"end":{"line":2,"column":55}},"2":{"start":{"line":3,"column":33},"end":{"line":3,"column":83}},"3":{"start":{"line":5,"column":0},"end":{"line":5,"column":40}},"4":{"start":{"line":6,"column":0},"end":{"line":6,"column":34}},"5":{"start":{"line":7,"column":0},"end":{"line":7,"column":36}},"6":{"start":{"line":8,"column":0},"end":{"line":8,"column":37}},"7":{"start":{"line":9,"column":0},"end":{"line":9,"column":40}},"8":{"start":{"line":11,"column":0},"end":{"line":11,"column":23}}},"fnMap":{},"branchMap":{},"s":{"0":3,"1":3,"2":3,"3":3,"4":3,"5":3,"6":3,"7":3,"8":3},"f":{},"b":{},"_coverageSchema":"1a1c01bbd47fc00a2c39e90264f33305004495a9","hash":"012eb74845d6293722875423cfbf0f40f2a291c6"}
}
