{"D:\\Kuliah\\Semester 7\\MSIB-hacktiv8\\Final-Project\\KS04-kelompok4-finalProject4\\index.js": {"path":"D:\\Kuliah\\Semester 7\\MSIB-hacktiv8\\Final-Project\\KS04-kelompok4-finalProject4\\index.js","statementMap":{"0":{"start":{"line":2,"column":16},"end":{"line":2,"column":34}},"1":{"start":{"line":3,"column":17},"end":{"line":3,"column":43}},"2":{"start":{"line":6,"column":14},"end":{"line":6,"column":45}},"3":{"start":{"line":7,"column":15},"end":{"line":7,"column":47}},"4":{"start":{"line":8,"column":17},"end":{"line":8,"column":51}},"5":{"start":{"line":9,"column":21},"end":{"line":9,"column":58}},"6":{"start":{"line":12,"column":33},"end":{"line":12,"column":82}},"7":{"start":{"line":14,"column":12},"end":{"line":14,"column":21}},"8":{"start":{"line":15,"column":0},"end":{"line":15,"column":23}},"9":{"start":{"line":16,"column":0},"end":{"line":16,"column":48}},"10":{"start":{"line":17,"column":0},"end":{"line":17,"column":24}},"11":{"start":{"line":19,"column":0},"end":{"line":19,"column":33}},"12":{"start":{"line":20,"column":0},"end":{"line":20,"column":26}},"13":{"start":{"line":21,"column":0},"end":{"line":21,"column":30}},"14":{"start":{"line":22,"column":0},"end":{"line":22,"column":38}},"15":{"start":{"line":29,"column":0},"end":{"line":29,"column":20}}},"fnMap":{},"branchMap":{},"s":{"0":2,"1":2,"2":2,"3":2,"4":2,"5":2,"6":2,"7":2,"8":2,"9":2,"10":2,"11":2,"12":2,"13":2,"14":2,"15":2},"f":{},"b":{},"_coverageSchema":"1a1c01bbd47fc00a2c39e90264f33305004495a9","hash":"1a3f23e0d88895a47e024daa04d4b7b263cdecaf"}
,"D:\\Kuliah\\Semester 7\\MSIB-hacktiv8\\Final-Project\\KS04-kelompok4-finalProject4\\controllers\\CommentsController.js": {"path":"D:\\Kuliah\\Semester 7\\MSIB-hacktiv8\\Final-Project\\KS04-kelompok4-finalProject4\\controllers\\CommentsController.js","statementMap":{"0":{"start":{"line":1,"column":15},"end":{"line":1,"column":41}},"1":{"start":{"line":5,"column":21},"end":{"line":5,"column":29}},"2":{"start":{"line":6,"column":8},"end":{"line":15,"column":9}},"3":{"start":{"line":7,"column":39},"end":{"line":7,"column":47}},"4":{"start":{"line":8,"column":28},"end":{"line":8,"column":88}},"5":{"start":{"line":9,"column":12},"end":{"line":11,"column":14}},"6":{"start":{"line":14,"column":12},"end":{"line":14,"column":75}},"7":{"start":{"line":19,"column":21},"end":{"line":19,"column":29}},"8":{"start":{"line":20,"column":8},"end":{"line":32,"column":9}},"9":{"start":{"line":21,"column":32},"end":{"line":21,"column":42}},"10":{"start":{"line":22,"column":30},"end":{"line":22,"column":38}},"11":{"start":{"line":23,"column":41},"end":{"line":23,"column":110}},"12":{"start":{"line":24,"column":12},"end":{"line":24,"column":94}},"13":{"start":{"line":24,"column":38},"end":{"line":24,"column":94}},"14":{"start":{"line":25,"column":12},"end":{"line":25,"column":77}},"15":{"start":{"line":26,"column":28},"end":{"line":26,"column":84}},"16":{"start":{"line":27,"column":12},"end":{"line":29,"column":14}},"17":{"start":{"line":31,"column":12},"end":{"line":31,"column":75}},"18":{"start":{"line":36,"column":21},"end":{"line":36,"column":29}},"19":{"start":{"line":37,"column":8},"end":{"line":48,"column":9}},"20":{"start":{"line":38,"column":32},"end":{"line":38,"column":42}},"21":{"start":{"line":39,"column":42},"end":{"line":39,"column":111}},"22":{"start":{"line":40,"column":12},"end":{"line":40,"column":94}},"23":{"start":{"line":40,"column":38},"end":{"line":40,"column":94}},"24":{"start":{"line":41,"column":28},"end":{"line":41,"column":84}},"25":{"start":{"line":42,"column":12},"end":{"line":42,"column":65}},"26":{"start":{"line":42,"column":25},"end":{"line":42,"column":65}},"27":{"start":{"line":43,"column":12},"end":{"line":45,"column":14}},"28":{"start":{"line":47,"column":12},"end":{"line":47,"column":75}},"29":{"start":{"line":52,"column":21},"end":{"line":52,"column":29}},"30":{"start":{"line":53,"column":8},"end":{"line":70,"column":9}},"31":{"start":{"line":54,"column":28},"end":{"line":63,"column":15}},"32":{"start":{"line":64,"column":12},"end":{"line":64,"column":65}},"33":{"start":{"line":64,"column":25},"end":{"line":64,"column":65}},"34":{"start":{"line":65,"column":12},"end":{"line":67,"column":14}},"35":{"start":{"line":69,"column":12},"end":{"line":69,"column":75}},"36":{"start":{"line":75,"column":0},"end":{"line":75,"column":35}}},"fnMap":{"0":{"name":"(anonymous_0)","decl":{"start":{"line":4,"column":4},"end":{"line":4,"column":5}},"loc":{"start":{"line":4,"column":41},"end":{"line":16,"column":5}},"line":4},"1":{"name":"(anonymous_1)","decl":{"start":{"line":18,"column":4},"end":{"line":18,"column":5}},"loc":{"start":{"line":18,"column":41},"end":{"line":33,"column":5}},"line":18},"2":{"name":"(anonymous_2)","decl":{"start":{"line":35,"column":4},"end":{"line":35,"column":5}},"loc":{"start":{"line":35,"column":41},"end":{"line":49,"column":5}},"line":35},"3":{"name":"(anonymous_3)","decl":{"start":{"line":51,"column":4},"end":{"line":51,"column":5}},"loc":{"start":{"line":51,"column":38},"end":{"line":71,"column":5}},"line":51}},"branchMap":{"0":{"loc":{"start":{"line":24,"column":12},"end":{"line":24,"column":94}},"type":"if","locations":[{"start":{"line":24,"column":12},"end":{"line":24,"column":94}},{"start":{},"end":{}}],"line":24},"1":{"loc":{"start":{"line":40,"column":12},"end":{"line":40,"column":94}},"type":"if","locations":[{"start":{"line":40,"column":12},"end":{"line":40,"column":94}},{"start":{},"end":{}}],"line":40},"2":{"loc":{"start":{"line":42,"column":12},"end":{"line":42,"column":65}},"type":"if","locations":[{"start":{"line":42,"column":12},"end":{"line":42,"column":65}},{"start":{},"end":{}}],"line":42},"3":{"loc":{"start":{"line":64,"column":12},"end":{"line":64,"column":65}},"type":"if","locations":[{"start":{"line":64,"column":12},"end":{"line":64,"column":65}},{"start":{},"end":{}}],"line":64}},"s":{"0":2,"1":0,"2":0,"3":0,"4":0,"5":0,"6":0,"7":0,"8":0,"9":0,"10":0,"11":0,"12":0,"13":0,"14":0,"15":0,"16":0,"17":0,"18":0,"19":0,"20":0,"21":0,"22":0,"23":0,"24":0,"25":0,"26":0,"27":0,"28":0,"29":0,"30":0,"31":0,"32":0,"33":0,"34":0,"35":0,"36":2},"f":{"0":0,"1":0,"2":0,"3":0},"b":{"0":[0,0],"1":[0,0],"2":[0,0],"3":[0,0]},"_coverageSchema":"1a1c01bbd47fc00a2c39e90264f33305004495a9","hash":"7f90cae7a91f20859224825771ca8e97bbd62822"}
,"D:\\Kuliah\\Semester 7\\MSIB-hacktiv8\\Final-Project\\KS04-kelompok4-finalProject4\\controllers\\PhotosController.js": {"path":"D:\\Kuliah\\Semester 7\\MSIB-hacktiv8\\Final-Project\\KS04-kelompok4-finalProject4\\controllers\\PhotosController.js","statementMap":{"0":{"start":{"line":2,"column":15},"end":{"line":2,"column":41}},"1":{"start":{"line":3,"column":15},"end":{"line":3,"column":41}},"2":{"start":{"line":7,"column":21},"end":{"line":7,"column":29}},"3":{"start":{"line":8,"column":8},"end":{"line":21,"column":9}},"4":{"start":{"line":9,"column":55},"end":{"line":9,"column":63}},"5":{"start":{"line":10,"column":26},"end":{"line":10,"column":100}},"6":{"start":{"line":11,"column":13},"end":{"line":17,"column":14}},"7":{"start":{"line":19,"column":12},"end":{"line":19,"column":28}},"8":{"start":{"line":20,"column":12},"end":{"line":20,"column":75}},"9":{"start":{"line":25,"column":21},"end":{"line":25,"column":29}},"10":{"start":{"line":26,"column":8},"end":{"line":37,"column":9}},"11":{"start":{"line":27,"column":30},"end":{"line":27,"column":40}},"12":{"start":{"line":28,"column":39},"end":{"line":28,"column":104}},"13":{"start":{"line":29,"column":12},"end":{"line":29,"column":92}},"14":{"start":{"line":29,"column":36},"end":{"line":29,"column":92}},"15":{"start":{"line":30,"column":12},"end":{"line":30,"column":73}},"16":{"start":{"line":31,"column":26},"end":{"line":31,"column":78}},"17":{"start":{"line":32,"column":13},"end":{"line":34,"column":14}},"18":{"start":{"line":36,"column":12},"end":{"line":36,"column":75}},"19":{"start":{"line":41,"column":21},"end":{"line":41,"column":29}},"20":{"start":{"line":42,"column":8},"end":{"line":53,"column":9}},"21":{"start":{"line":43,"column":30},"end":{"line":43,"column":40}},"22":{"start":{"line":44,"column":39},"end":{"line":44,"column":90}},"23":{"start":{"line":45,"column":12},"end":{"line":45,"column":92}},"24":{"start":{"line":45,"column":36},"end":{"line":45,"column":92}},"25":{"start":{"line":46,"column":26},"end":{"line":46,"column":91}},"26":{"start":{"line":47,"column":12},"end":{"line":47,"column":63}},"27":{"start":{"line":47,"column":23},"end":{"line":47,"column":63}},"28":{"start":{"line":48,"column":12},"end":{"line":50,"column":14}},"29":{"start":{"line":52,"column":12},"end":{"line":52,"column":75}},"30":{"start":{"line":57,"column":21},"end":{"line":57,"column":29}},"31":{"start":{"line":58,"column":8},"end":{"line":82,"column":9}},"32":{"start":{"line":59,"column":26},"end":{"line":75,"column":15}},"33":{"start":{"line":76,"column":13},"end":{"line":78,"column":14}},"34":{"start":{"line":80,"column":12},"end":{"line":80,"column":28}},"35":{"start":{"line":81,"column":12},"end":{"line":81,"column":75}},"36":{"start":{"line":87,"column":0},"end":{"line":87,"column":33}}},"fnMap":{"0":{"name":"(anonymous_0)","decl":{"start":{"line":6,"column":4},"end":{"line":6,"column":5}},"loc":{"start":{"line":6,"column":41},"end":{"line":22,"column":5}},"line":6},"1":{"name":"(anonymous_1)","decl":{"start":{"line":24,"column":4},"end":{"line":24,"column":5}},"loc":{"start":{"line":24,"column":41},"end":{"line":38,"column":5}},"line":24},"2":{"name":"(anonymous_2)","decl":{"start":{"line":40,"column":4},"end":{"line":40,"column":5}},"loc":{"start":{"line":40,"column":41},"end":{"line":54,"column":5}},"line":40},"3":{"name":"(anonymous_3)","decl":{"start":{"line":56,"column":4},"end":{"line":56,"column":5}},"loc":{"start":{"line":56,"column":38},"end":{"line":83,"column":5}},"line":56}},"branchMap":{"0":{"loc":{"start":{"line":29,"column":12},"end":{"line":29,"column":92}},"type":"if","locations":[{"start":{"line":29,"column":12},"end":{"line":29,"column":92}},{"start":{},"end":{}}],"line":29},"1":{"loc":{"start":{"line":45,"column":12},"end":{"line":45,"column":92}},"type":"if","locations":[{"start":{"line":45,"column":12},"end":{"line":45,"column":92}},{"start":{},"end":{}}],"line":45},"2":{"loc":{"start":{"line":47,"column":12},"end":{"line":47,"column":63}},"type":"if","locations":[{"start":{"line":47,"column":12},"end":{"line":47,"column":63}},{"start":{},"end":{}}],"line":47}},"s":{"0":2,"1":2,"2":0,"3":0,"4":0,"5":0,"6":0,"7":0,"8":0,"9":0,"10":0,"11":0,"12":0,"13":0,"14":0,"15":0,"16":0,"17":0,"18":0,"19":0,"20":0,"21":0,"22":0,"23":0,"24":0,"25":0,"26":0,"27":0,"28":0,"29":0,"30":0,"31":0,"32":0,"33":0,"34":0,"35":0,"36":2},"f":{"0":0,"1":0,"2":0,"3":0},"b":{"0":[0,0],"1":[0,0],"2":[0,0]},"_coverageSchema":"1a1c01bbd47fc00a2c39e90264f33305004495a9","hash":"12176d00de17edc544c8b0d5afbbceb451e484ef"}
,"D:\\Kuliah\\Semester 7\\MSIB-hacktiv8\\Final-Project\\KS04-kelompok4-finalProject4\\controllers\\SocialMediaController.js": {"path":"D:\\Kuliah\\Semester 7\\MSIB-hacktiv8\\Final-Project\\KS04-kelompok4-finalProject4\\controllers\\SocialMediaController.js","statementMap":{"0":{"start":{"line":1,"column":15},"end":{"line":1,"column":41}},"1":{"start":{"line":5,"column":21},"end":{"line":5,"column":29}},"2":{"start":{"line":6,"column":8},"end":{"line":14,"column":9}},"3":{"start":{"line":7,"column":45},"end":{"line":7,"column":53}},"4":{"start":{"line":8,"column":32},"end":{"line":8,"column":102}},"5":{"start":{"line":9,"column":12},"end":{"line":11,"column":14}},"6":{"start":{"line":13,"column":12},"end":{"line":13,"column":67}},"7":{"start":{"line":17,"column":21},"end":{"line":17,"column":29}},"8":{"start":{"line":18,"column":8},"end":{"line":30,"column":9}},"9":{"start":{"line":19,"column":36},"end":{"line":19,"column":46}},"10":{"start":{"line":20,"column":45},"end":{"line":20,"column":53}},"11":{"start":{"line":21,"column":45},"end":{"line":21,"column":122}},"12":{"start":{"line":22,"column":12},"end":{"line":22,"column":82}},"13":{"start":{"line":22,"column":42},"end":{"line":22,"column":82}},"14":{"start":{"line":23,"column":12},"end":{"line":23,"column":101}},"15":{"start":{"line":24,"column":32},"end":{"line":24,"column":96}},"16":{"start":{"line":25,"column":12},"end":{"line":27,"column":14}},"17":{"start":{"line":29,"column":13},"end":{"line":29,"column":76}},"18":{"start":{"line":34,"column":21},"end":{"line":34,"column":29}},"19":{"start":{"line":35,"column":8},"end":{"line":46,"column":9}},"20":{"start":{"line":36,"column":36},"end":{"line":36,"column":46}},"21":{"start":{"line":37,"column":45},"end":{"line":37,"column":122}},"22":{"start":{"line":38,"column":12},"end":{"line":38,"column":82}},"23":{"start":{"line":38,"column":42},"end":{"line":38,"column":82}},"24":{"start":{"line":39,"column":32},"end":{"line":39,"column":109}},"25":{"start":{"line":40,"column":12},"end":{"line":40,"column":69}},"26":{"start":{"line":40,"column":29},"end":{"line":40,"column":69}},"27":{"start":{"line":41,"column":12},"end":{"line":43,"column":14}},"28":{"start":{"line":45,"column":12},"end":{"line":45,"column":75}},"29":{"start":{"line":50,"column":20},"end":{"line":50,"column":28}},"30":{"start":{"line":51,"column":8},"end":{"line":64,"column":9}},"31":{"start":{"line":52,"column":32},"end":{"line":57,"column":16}},"32":{"start":{"line":59,"column":12},"end":{"line":61,"column":14}},"33":{"start":{"line":63,"column":13},"end":{"line":63,"column":76}},"34":{"start":{"line":69,"column":0},"end":{"line":69,"column":38}}},"fnMap":{"0":{"name":"(anonymous_0)","decl":{"start":{"line":4,"column":4},"end":{"line":4,"column":5}},"loc":{"start":{"line":4,"column":41},"end":{"line":15,"column":5}},"line":4},"1":{"name":"(anonymous_1)","decl":{"start":{"line":16,"column":4},"end":{"line":16,"column":5}},"loc":{"start":{"line":16,"column":41},"end":{"line":31,"column":5}},"line":16},"2":{"name":"(anonymous_2)","decl":{"start":{"line":33,"column":4},"end":{"line":33,"column":5}},"loc":{"start":{"line":33,"column":41},"end":{"line":47,"column":5}},"line":33},"3":{"name":"(anonymous_3)","decl":{"start":{"line":49,"column":4},"end":{"line":49,"column":5}},"loc":{"start":{"line":49,"column":37},"end":{"line":65,"column":5}},"line":49}},"branchMap":{"0":{"loc":{"start":{"line":22,"column":12},"end":{"line":22,"column":82}},"type":"if","locations":[{"start":{"line":22,"column":12},"end":{"line":22,"column":82}},{"start":{},"end":{}}],"line":22},"1":{"loc":{"start":{"line":38,"column":12},"end":{"line":38,"column":82}},"type":"if","locations":[{"start":{"line":38,"column":12},"end":{"line":38,"column":82}},{"start":{},"end":{}}],"line":38},"2":{"loc":{"start":{"line":40,"column":12},"end":{"line":40,"column":69}},"type":"if","locations":[{"start":{"line":40,"column":12},"end":{"line":40,"column":69}},{"start":{},"end":{}}],"line":40}},"s":{"0":2,"1":3,"2":3,"3":3,"4":3,"5":1,"6":2,"7":4,"8":4,"9":4,"10":4,"11":4,"12":4,"13":2,"14":2,"15":1,"16":1,"17":1,"18":3,"19":3,"20":3,"21":3,"22":2,"23":1,"24":1,"25":1,"26":0,"27":1,"28":1,"29":1,"30":1,"31":1,"32":1,"33":0,"34":2},"f":{"0":3,"1":4,"2":3,"3":1},"b":{"0":[2,2],"1":[1,1],"2":[0,1]},"_coverageSchema":"1a1c01bbd47fc00a2c39e90264f33305004495a9","hash":"15293092dea179e60ed09df293838e995fcd8345"}
,"D:\\Kuliah\\Semester 7\\MSIB-hacktiv8\\Final-Project\\KS04-kelompok4-finalProject4\\controllers\\UsersController.js": {"path":"D:\\Kuliah\\Semester 7\\MSIB-hacktiv8\\Final-Project\\KS04-kelompok4-finalProject4\\controllers\\UsersController.js","statementMap":{"0":{"start":{"line":1,"column":15},"end":{"line":1,"column":41}},"1":{"start":{"line":3,"column":24},"end":{"line":3,"column":50}},"2":{"start":{"line":4,"column":15},"end":{"line":4,"column":40}},"3":{"start":{"line":8,"column":91},"end":{"line":8,"column":99}},"4":{"start":{"line":9,"column":8},"end":{"line":36,"column":9}},"5":{"start":{"line":10,"column":12},"end":{"line":10,"column":37}},"6":{"start":{"line":11,"column":34},"end":{"line":11,"column":86}},"7":{"start":{"line":12,"column":12},"end":{"line":14,"column":14}},"8":{"start":{"line":12,"column":30},"end":{"line":14,"column":14}},"9":{"start":{"line":15,"column":37},"end":{"line":15,"column":95}},"10":{"start":{"line":16,"column":12},"end":{"line":18,"column":14}},"11":{"start":{"line":16,"column":33},"end":{"line":18,"column":14}},"12":{"start":{"line":19,"column":40},"end":{"line":19,"column":107}},"13":{"start":{"line":20,"column":12},"end":{"line":22,"column":14}},"14":{"start":{"line":20,"column":36},"end":{"line":22,"column":14}},"15":{"start":{"line":23,"column":25},"end":{"line":23,"column":127}},"16":{"start":{"line":24,"column":12},"end":{"line":33,"column":14}},"17":{"start":{"line":35,"column":12},"end":{"line":35,"column":75}},"18":{"start":{"line":40,"column":8},"end":{"line":51,"column":9}},"19":{"start":{"line":41,"column":38},"end":{"line":41,"column":46}},"20":{"start":{"line":42,"column":34},"end":{"line":42,"column":118}},"21":{"start":{"line":43,"column":12},"end":{"line":43,"column":82}},"22":{"start":{"line":43,"column":31},"end":{"line":43,"column":82}},"23":{"start":{"line":44,"column":12},"end":{"line":44,"column":108}},"24":{"start":{"line":44,"column":59},"end":{"line":44,"column":108}},"25":{"start":{"line":45,"column":26},"end":{"line":45,"column":76}},"26":{"start":{"line":46,"column":12},"end":{"line":48,"column":14}},"27":{"start":{"line":50,"column":12},"end":{"line":50,"column":75}},"28":{"start":{"line":55,"column":21},"end":{"line":55,"column":29}},"29":{"start":{"line":56,"column":26},"end":{"line":56,"column":36}},"30":{"start":{"line":57,"column":8},"end":{"line":76,"column":9}},"31":{"start":{"line":58,"column":12},"end":{"line":58,"column":90}},"32":{"start":{"line":58,"column":30},"end":{"line":58,"column":90}},"33":{"start":{"line":59,"column":12},"end":{"line":59,"column":67}},"34":{"start":{"line":60,"column":25},"end":{"line":60,"column":71}},"35":{"start":{"line":61,"column":12},"end":{"line":70,"column":14}},"36":{"start":{"line":72,"column":13},"end":{"line":75,"column":15}},"37":{"start":{"line":80,"column":21},"end":{"line":80,"column":29}},"38":{"start":{"line":81,"column":27},"end":{"line":81,"column":37}},"39":{"start":{"line":82,"column":8},"end":{"line":90,"column":9}},"40":{"start":{"line":83,"column":12},"end":{"line":83,"column":91}},"41":{"start":{"line":83,"column":30},"end":{"line":83,"column":91}},"42":{"start":{"line":84,"column":25},"end":{"line":84,"column":71}},"43":{"start":{"line":85,"column":12},"end":{"line":87,"column":14}},"44":{"start":{"line":89,"column":11},"end":{"line":89,"column":74}},"45":{"start":{"line":96,"column":0},"end":{"line":96,"column":32}}},"fnMap":{"0":{"name":"(anonymous_0)","decl":{"start":{"line":7,"column":4},"end":{"line":7,"column":5}},"loc":{"start":{"line":7,"column":43},"end":{"line":37,"column":5}},"line":7},"1":{"name":"(anonymous_1)","decl":{"start":{"line":39,"column":4},"end":{"line":39,"column":5}},"loc":{"start":{"line":39,"column":40},"end":{"line":52,"column":5}},"line":39},"2":{"name":"(anonymous_2)","decl":{"start":{"line":54,"column":4},"end":{"line":54,"column":5}},"loc":{"start":{"line":54,"column":41},"end":{"line":77,"column":5}},"line":54},"3":{"name":"(anonymous_3)","decl":{"start":{"line":79,"column":4},"end":{"line":79,"column":5}},"loc":{"start":{"line":79,"column":41},"end":{"line":91,"column":5}},"line":79}},"branchMap":{"0":{"loc":{"start":{"line":12,"column":12},"end":{"line":14,"column":14}},"type":"if","locations":[{"start":{"line":12,"column":12},"end":{"line":14,"column":14}},{"start":{},"end":{}}],"line":12},"1":{"loc":{"start":{"line":16,"column":12},"end":{"line":18,"column":14}},"type":"if","locations":[{"start":{"line":16,"column":12},"end":{"line":18,"column":14}},{"start":{},"end":{}}],"line":16},"2":{"loc":{"start":{"line":20,"column":12},"end":{"line":22,"column":14}},"type":"if","locations":[{"start":{"line":20,"column":12},"end":{"line":22,"column":14}},{"start":{},"end":{}}],"line":20},"3":{"loc":{"start":{"line":43,"column":12},"end":{"line":43,"column":82}},"type":"if","locations":[{"start":{"line":43,"column":12},"end":{"line":43,"column":82}},{"start":{},"end":{}}],"line":43},"4":{"loc":{"start":{"line":44,"column":12},"end":{"line":44,"column":108}},"type":"if","locations":[{"start":{"line":44,"column":12},"end":{"line":44,"column":108}},{"start":{},"end":{}}],"line":44},"5":{"loc":{"start":{"line":58,"column":12},"end":{"line":58,"column":90}},"type":"if","locations":[{"start":{"line":58,"column":12},"end":{"line":58,"column":90}},{"start":{},"end":{}}],"line":58},"6":{"loc":{"start":{"line":83,"column":12},"end":{"line":83,"column":91}},"type":"if","locations":[{"start":{"line":83,"column":12},"end":{"line":83,"column":91}},{"start":{},"end":{}}],"line":83}},"s":{"0":2,"1":2,"2":2,"3":4,"4":4,"5":4,"6":4,"7":4,"8":1,"9":3,"10":3,"11":1,"12":2,"13":2,"14":1,"15":1,"16":1,"17":0,"18":3,"19":3,"20":3,"21":3,"22":1,"23":2,"24":1,"25":1,"26":1,"27":0,"28":3,"29":3,"30":3,"31":3,"32":1,"33":2,"34":1,"35":1,"36":1,"37":2,"38":2,"39":2,"40":2,"41":1,"42":1,"43":1,"44":0,"45":2},"f":{"0":4,"1":3,"2":3,"3":2},"b":{"0":[1,3],"1":[1,2],"2":[1,1],"3":[1,2],"4":[1,1],"5":[1,2],"6":[1,1]},"_coverageSchema":"1a1c01bbd47fc00a2c39e90264f33305004495a9","hash":"de37d98ad9aa4356dde5577ee98464c5e29b5091"}
,"D:\\Kuliah\\Semester 7\\MSIB-hacktiv8\\Final-Project\\KS04-kelompok4-finalProject4\\helpers\\Hash.js": {"path":"D:\\Kuliah\\Semester 7\\MSIB-hacktiv8\\Final-Project\\KS04-kelompok4-finalProject4\\helpers\\Hash.js","statementMap":{"0":{"start":{"line":1,"column":15},"end":{"line":1,"column":32}},"1":{"start":{"line":4,"column":2},"end":{"line":4,"column":35}},"2":{"start":{"line":8,"column":2},"end":{"line":8,"column":42}},"3":{"start":{"line":11,"column":0},"end":{"line":14,"column":1}}},"fnMap":{"0":{"name":"hash","decl":{"start":{"line":3,"column":9},"end":{"line":3,"column":13}},"loc":{"start":{"line":3,"column":21},"end":{"line":5,"column":1}},"line":3},"1":{"name":"compare","decl":{"start":{"line":7,"column":9},"end":{"line":7,"column":16}},"loc":{"start":{"line":7,"column":32},"end":{"line":9,"column":1}},"line":7}},"branchMap":{},"s":{"0":2,"1":5,"2":2,"3":2},"f":{"0":5,"1":2},"b":{},"_coverageSchema":"1a1c01bbd47fc00a2c39e90264f33305004495a9","hash":"a0639d772a59cf625dc062d1a98076d0d2652cb1"}
,"D:\\Kuliah\\Semester 7\\MSIB-hacktiv8\\Final-Project\\KS04-kelompok4-finalProject4\\helpers\\Jwt.js": {"path":"D:\\Kuliah\\Semester 7\\MSIB-hacktiv8\\Final-Project\\KS04-kelompok4-finalProject4\\helpers\\Jwt.js","statementMap":{"0":{"start":{"line":1,"column":12},"end":{"line":1,"column":35}},"1":{"start":{"line":4,"column":2},"end":{"line":4,"column":72}},"2":{"start":{"line":8,"column":2},"end":{"line":8,"column":51}},"3":{"start":{"line":11,"column":0},"end":{"line":14,"column":2}}},"fnMap":{"0":{"name":"sign","decl":{"start":{"line":3,"column":9},"end":{"line":3,"column":13}},"loc":{"start":{"line":3,"column":23},"end":{"line":5,"column":1}},"line":3},"1":{"name":"verify","decl":{"start":{"line":7,"column":9},"end":{"line":7,"column":15}},"loc":{"start":{"line":7,"column":23},"end":{"line":9,"column":1}},"line":7}},"branchMap":{},"s":{"0":2,"1":3,"2":18,"3":2},"f":{"0":3,"1":18},"b":{},"_coverageSchema":"1a1c01bbd47fc00a2c39e90264f33305004495a9","hash":"dd5414deb24dc7b6b988db0c42f8d1874ee0c8b9"}
,"D:\\Kuliah\\Semester 7\\MSIB-hacktiv8\\Final-Project\\KS04-kelompok4-finalProject4\\middlewares\\AuthenticationMiddleware.js": {"path":"D:\\Kuliah\\Semester 7\\MSIB-hacktiv8\\Final-Project\\KS04-kelompok4-finalProject4\\middlewares\\AuthenticationMiddleware.js","statementMap":{"0":{"start":{"line":1,"column":17},"end":{"line":1,"column":42}},"1":{"start":{"line":3,"column":15},"end":{"line":3,"column":41}},"2":{"start":{"line":6,"column":3},"end":{"line":16,"column":4}},"3":{"start":{"line":7,"column":24},"end":{"line":7,"column":49}},"4":{"start":{"line":8,"column":4},"end":{"line":8,"column":76}},"5":{"start":{"line":8,"column":20},"end":{"line":8,"column":76}},"6":{"start":{"line":9,"column":25},"end":{"line":9,"column":43}},"7":{"start":{"line":10,"column":17},"end":{"line":10,"column":97}},"8":{"start":{"line":11,"column":4},"end":{"line":11,"column":64}},"9":{"start":{"line":11,"column":14},"end":{"line":11,"column":64}},"10":{"start":{"line":12,"column":4},"end":{"line":12,"column":19}},"11":{"start":{"line":13,"column":4},"end":{"line":13,"column":10}},"12":{"start":{"line":15,"column":4},"end":{"line":15,"column":67}},"13":{"start":{"line":19,"column":0},"end":{"line":19,"column":41}}},"fnMap":{"0":{"name":"authenticationMiddleware","decl":{"start":{"line":5,"column":15},"end":{"line":5,"column":39}},"loc":{"start":{"line":5,"column":56},"end":{"line":17,"column":1}},"line":5}},"branchMap":{"0":{"loc":{"start":{"line":8,"column":4},"end":{"line":8,"column":76}},"type":"if","locations":[{"start":{"line":8,"column":4},"end":{"line":8,"column":76}},{"start":{},"end":{}}],"line":8},"1":{"loc":{"start":{"line":11,"column":4},"end":{"line":11,"column":64}},"type":"if","locations":[{"start":{"line":11,"column":4},"end":{"line":11,"column":64}},{"start":{},"end":{}}],"line":11}},"s":{"0":2,"1":2,"2":19,"3":19,"4":19,"5":2,"6":17,"7":16,"8":16,"9":0,"10":16,"11":16,"12":1,"13":2},"f":{"0":19},"b":{"0":[2,17],"1":[0,16]},"_coverageSchema":"1a1c01bbd47fc00a2c39e90264f33305004495a9","hash":"dd89a7e70d679e0e15ab76dfc54a5d173b42c411"}
,"D:\\Kuliah\\Semester 7\\MSIB-hacktiv8\\Final-Project\\KS04-kelompok4-finalProject4\\models\\comment.js": {"path":"D:\\Kuliah\\Semester 7\\MSIB-hacktiv8\\Final-Project\\KS04-kelompok4-finalProject4\\models\\comment.js","statementMap":{"0":{"start":{"line":4,"column":4},"end":{"line":4,"column":24}},"1":{"start":{"line":5,"column":0},"end":{"line":39,"column":2}},"2":{"start":{"line":16,"column":2},"end":{"line":33,"column":5}},"3":{"start":{"line":34,"column":2},"end":{"line":37,"column":4}},"4":{"start":{"line":35,"column":4},"end":{"line":35,"column":34}},"5":{"start":{"line":36,"column":4},"end":{"line":36,"column":35}},"6":{"start":{"line":38,"column":2},"end":{"line":38,"column":17}}},"fnMap":{"0":{"name":"(anonymous_0)","decl":{"start":{"line":5,"column":17},"end":{"line":5,"column":18}},"loc":{"start":{"line":5,"column":43},"end":{"line":39,"column":1}},"line":5},"1":{"name":"(anonymous_1)","decl":{"start":{"line":12,"column":4},"end":{"line":12,"column":5}},"loc":{"start":{"line":12,"column":29},"end":{"line":14,"column":5}},"line":12},"2":{"name":"(anonymous_2)","decl":{"start":{"line":34,"column":22},"end":{"line":34,"column":23}},"loc":{"start":{"line":34,"column":34},"end":{"line":37,"column":3}},"line":34}},"branchMap":{},"s":{"0":2,"1":2,"2":2,"3":2,"4":2,"5":2,"6":2},"f":{"0":2,"1":0,"2":2},"b":{},"_coverageSchema":"1a1c01bbd47fc00a2c39e90264f33305004495a9","hash":"617a96910bb984a3a9c7e52c9339713678322abe"}
,"D:\\Kuliah\\Semester 7\\MSIB-hacktiv8\\Final-Project\\KS04-kelompok4-finalProject4\\models\\index.js": {"path":"D:\\Kuliah\\Semester 7\\MSIB-hacktiv8\\Final-Project\\KS04-kelompok4-finalProject4\\models\\index.js","statementMap":{"0":{"start":{"line":3,"column":11},"end":{"line":3,"column":24}},"1":{"start":{"line":4,"column":13},"end":{"line":4,"column":28}},"2":{"start":{"line":5,"column":18},"end":{"line":5,"column":38}},"3":{"start":{"line":6,"column":16},"end":{"line":6,"column":34}},"4":{"start":{"line":7,"column":17},"end":{"line":7,"column":42}},"5":{"start":{"line":8,"column":12},"end":{"line":8,"column":49}},"6":{"start":{"line":9,"column":15},"end":{"line":9,"column":65}},"7":{"start":{"line":10,"column":11},"end":{"line":10,"column":13}},"8":{"start":{"line":13,"column":0},"end":{"line":17,"column":1}},"9":{"start":{"line":14,"column":2},"end":{"line":14,"column":74}},"10":{"start":{"line":16,"column":2},"end":{"line":16,"column":87}},"11":{"start":{"line":19,"column":0},"end":{"line":27,"column":5}},"12":{"start":{"line":22,"column":4},"end":{"line":22,"column":90}},"13":{"start":{"line":25,"column":18},"end":{"line":25,"column":85}},"14":{"start":{"line":26,"column":4},"end":{"line":26,"column":27}},"15":{"start":{"line":29,"column":0},"end":{"line":33,"column":3}},"16":{"start":{"line":30,"column":2},"end":{"line":32,"column":3}},"17":{"start":{"line":31,"column":4},"end":{"line":31,"column":32}},"18":{"start":{"line":35,"column":0},"end":{"line":35,"column":25}},"19":{"start":{"line":36,"column":0},"end":{"line":36,"column":25}},"20":{"start":{"line":38,"column":0},"end":{"line":38,"column":20}}},"fnMap":{"0":{"name":"(anonymous_0)","decl":{"start":{"line":21,"column":10},"end":{"line":21,"column":11}},"loc":{"start":{"line":21,"column":18},"end":{"line":23,"column":3}},"line":21},"1":{"name":"(anonymous_1)","decl":{"start":{"line":24,"column":11},"end":{"line":24,"column":12}},"loc":{"start":{"line":24,"column":19},"end":{"line":27,"column":3}},"line":24},"2":{"name":"(anonymous_2)","decl":{"start":{"line":29,"column":24},"end":{"line":29,"column":25}},"loc":{"start":{"line":29,"column":37},"end":{"line":33,"column":1}},"line":29}},"branchMap":{"0":{"loc":{"start":{"line":8,"column":12},"end":{"line":8,"column":49}},"type":"binary-expr","locations":[{"start":{"line":8,"column":12},"end":{"line":8,"column":32}},{"start":{"line":8,"column":36},"end":{"line":8,"column":49}}],"line":8},"1":{"loc":{"start":{"line":13,"column":0},"end":{"line":17,"column":1}},"type":"if","locations":[{"start":{"line":13,"column":0},"end":{"line":17,"column":1}},{"start":{"line":15,"column":7},"end":{"line":17,"column":1}}],"line":13},"2":{"loc":{"start":{"line":22,"column":11},"end":{"line":22,"column":89}},"type":"binary-expr","locations":[{"start":{"line":22,"column":12},"end":{"line":22,"column":35}},{"start":{"line":22,"column":41},"end":{"line":22,"column":58}},{"start":{"line":22,"column":64},"end":{"line":22,"column":88}}],"line":22},"3":{"loc":{"start":{"line":30,"column":2},"end":{"line":32,"column":3}},"type":"if","locations":[{"start":{"line":30,"column":2},"end":{"line":32,"column":3}},{"start":{},"end":{}}],"line":30}},"s":{"0":2,"1":2,"2":2,"3":2,"4":2,"5":2,"6":2,"7":2,"8":2,"9":0,"10":2,"11":2,"12":10,"13":8,"14":8,"15":2,"16":8,"17":8,"18":2,"19":2,"20":2},"f":{"0":10,"1":8,"2":8},"b":{"0":[2,0],"1":[0,2],"2":[10,10,8],"3":[8,0]},"_coverageSchema":"1a1c01bbd47fc00a2c39e90264f33305004495a9","hash":"8d0037a8a68faacf0b1c931d2433e2c336e6c82d"}
,"D:\\Kuliah\\Semester 7\\MSIB-hacktiv8\\Final-Project\\KS04-kelompok4-finalProject4\\models\\photo.js": {"path":"D:\\Kuliah\\Semester 7\\MSIB-hacktiv8\\Final-Project\\KS04-kelompok4-finalProject4\\models\\photo.js","statementMap":{"0":{"start":{"line":4,"column":4},"end":{"line":4,"column":24}},"1":{"start":{"line":5,"column":0},"end":{"line":73,"column":2}},"2":{"start":{"line":16,"column":2},"end":{"line":67,"column":5}},"3":{"start":{"line":68,"column":2},"end":{"line":71,"column":3}},"4":{"start":{"line":69,"column":4},"end":{"line":69,"column":33}},"5":{"start":{"line":70,"column":4},"end":{"line":70,"column":32}},"6":{"start":{"line":72,"column":2},"end":{"line":72,"column":15}}},"fnMap":{"0":{"name":"(anonymous_0)","decl":{"start":{"line":5,"column":17},"end":{"line":5,"column":18}},"loc":{"start":{"line":5,"column":43},"end":{"line":73,"column":1}},"line":5},"1":{"name":"(anonymous_1)","decl":{"start":{"line":12,"column":4},"end":{"line":12,"column":5}},"loc":{"start":{"line":12,"column":29},"end":{"line":14,"column":5}},"line":12},"2":{"name":"(anonymous_2)","decl":{"start":{"line":68,"column":20},"end":{"line":68,"column":21}},"loc":{"start":{"line":68,"column":32},"end":{"line":71,"column":3}},"line":68}},"branchMap":{},"s":{"0":2,"1":2,"2":2,"3":2,"4":2,"5":2,"6":2},"f":{"0":2,"1":0,"2":2},"b":{},"_coverageSchema":"1a1c01bbd47fc00a2c39e90264f33305004495a9","hash":"216c26b879a195bd8a9eafe1deafba5a0378f779"}
,"D:\\Kuliah\\Semester 7\\MSIB-hacktiv8\\Final-Project\\KS04-kelompok4-finalProject4\\models\\socialmedia.js": {"path":"D:\\Kuliah\\Semester 7\\MSIB-hacktiv8\\Final-Project\\KS04-kelompok4-finalProject4\\models\\socialmedia.js","statementMap":{"0":{"start":{"line":4,"column":4},"end":{"line":4,"column":24}},"1":{"start":{"line":5,"column":0},"end":{"line":57,"column":2}},"2":{"start":{"line":16,"column":2},"end":{"line":52,"column":5}},"3":{"start":{"line":53,"column":2},"end":{"line":55,"column":3}},"4":{"start":{"line":54,"column":4},"end":{"line":54,"column":38}},"5":{"start":{"line":56,"column":2},"end":{"line":56,"column":21}}},"fnMap":{"0":{"name":"(anonymous_0)","decl":{"start":{"line":5,"column":17},"end":{"line":5,"column":18}},"loc":{"start":{"line":5,"column":43},"end":{"line":57,"column":1}},"line":5},"1":{"name":"(anonymous_1)","decl":{"start":{"line":12,"column":4},"end":{"line":12,"column":5}},"loc":{"start":{"line":12,"column":29},"end":{"line":14,"column":5}},"line":12},"2":{"name":"(anonymous_2)","decl":{"start":{"line":53,"column":26},"end":{"line":53,"column":27}},"loc":{"start":{"line":53,"column":38},"end":{"line":55,"column":3}},"line":53}},"branchMap":{},"s":{"0":2,"1":2,"2":2,"3":2,"4":2,"5":2},"f":{"0":2,"1":0,"2":2},"b":{},"_coverageSchema":"1a1c01bbd47fc00a2c39e90264f33305004495a9","hash":"fe3e874230ab1d7007815da2e4f1a4b2a621acab"}
,"D:\\Kuliah\\Semester 7\\MSIB-hacktiv8\\Final-Project\\KS04-kelompok4-finalProject4\\models\\user.js": {"path":"D:\\Kuliah\\Semester 7\\MSIB-hacktiv8\\Final-Project\\KS04-kelompok4-finalProject4\\models\\user.js","statementMap":{"0":{"start":{"line":4,"column":4},"end":{"line":4,"column":24}},"1":{"start":{"line":5,"column":0},"end":{"line":105,"column":2}},"2":{"start":{"line":16,"column":2},"end":{"line":101,"column":5}},"3":{"start":{"line":102,"column":2},"end":{"line":103,"column":3}},"4":{"start":{"line":104,"column":2},"end":{"line":104,"column":14}}},"fnMap":{"0":{"name":"(anonymous_0)","decl":{"start":{"line":5,"column":17},"end":{"line":5,"column":18}},"loc":{"start":{"line":5,"column":43},"end":{"line":105,"column":1}},"line":5},"1":{"name":"(anonymous_1)","decl":{"start":{"line":12,"column":4},"end":{"line":12,"column":5}},"loc":{"start":{"line":12,"column":29},"end":{"line":14,"column":5}},"line":12},"2":{"name":"(anonymous_2)","decl":{"start":{"line":102,"column":19},"end":{"line":102,"column":20}},"loc":{"start":{"line":102,"column":31},"end":{"line":103,"column":3}},"line":102}},"branchMap":{},"s":{"0":2,"1":2,"2":2,"3":2,"4":2},"f":{"0":2,"1":0,"2":2},"b":{},"_coverageSchema":"1a1c01bbd47fc00a2c39e90264f33305004495a9","hash":"f150a0f8e34f8133daefc856b879e868191a379d"}
,"D:\\Kuliah\\Semester 7\\MSIB-hacktiv8\\Final-Project\\KS04-kelompok4-finalProject4\\routes\\CommentsRouter.js": {"path":"D:\\Kuliah\\Semester 7\\MSIB-hacktiv8\\Final-Project\\KS04-kelompok4-finalProject4\\routes\\CommentsRouter.js","statementMap":{"0":{"start":{"line":1,"column":15},"end":{"line":1,"column":42}},"1":{"start":{"line":2,"column":27},"end":{"line":2,"column":71}},"2":{"start":{"line":4,"column":0},"end":{"line":4,"column":43}},"3":{"start":{"line":5,"column":0},"end":{"line":5,"column":39}},"4":{"start":{"line":6,"column":0},"end":{"line":6,"column":52}},"5":{"start":{"line":7,"column":0},"end":{"line":7,"column":55}},"6":{"start":{"line":9,"column":0},"end":{"line":9,"column":23}}},"fnMap":{},"branchMap":{},"s":{"0":2,"1":2,"2":2,"3":2,"4":2,"5":2,"6":2},"f":{},"b":{},"_coverageSchema":"1a1c01bbd47fc00a2c39e90264f33305004495a9","hash":"868b335ed5b1d06eeea3bcf8836158d78df5be21"}
,"D:\\Kuliah\\Semester 7\\MSIB-hacktiv8\\Final-Project\\KS04-kelompok4-finalProject4\\routes\\PhotosRouter.js": {"path":"D:\\Kuliah\\Semester 7\\MSIB-hacktiv8\\Final-Project\\KS04-kelompok4-finalProject4\\routes\\PhotosRouter.js","statementMap":{"0":{"start":{"line":1,"column":15},"end":{"line":1,"column":42}},"1":{"start":{"line":2,"column":14},"end":{"line":2,"column":56}},"2":{"start":{"line":4,"column":0},"end":{"line":4,"column":30}},"3":{"start":{"line":5,"column":0},"end":{"line":5,"column":37}},"4":{"start":{"line":6,"column":0},"end":{"line":6,"column":40}},"5":{"start":{"line":7,"column":0},"end":{"line":7,"column":26}},"6":{"start":{"line":12,"column":0},"end":{"line":12,"column":23}}},"fnMap":{},"branchMap":{},"s":{"0":2,"1":2,"2":2,"3":2,"4":2,"5":2,"6":2},"f":{},"b":{},"_coverageSchema":"1a1c01bbd47fc00a2c39e90264f33305004495a9","hash":"a6fa1a49476c8557076144bd7cf1edeb838b4052"}
,"D:\\Kuliah\\Semester 7\\MSIB-hacktiv8\\Final-Project\\KS04-kelompok4-finalProject4\\routes\\SocialMediaRouter.js": {"path":"D:\\Kuliah\\Semester 7\\MSIB-hacktiv8\\Final-Project\\KS04-kelompok4-finalProject4\\routes\\SocialMediaRouter.js","statementMap":{"0":{"start":{"line":1,"column":15},"end":{"line":1,"column":42}},"1":{"start":{"line":2,"column":20},"end":{"line":2,"column":67}},"2":{"start":{"line":5,"column":0},"end":{"line":5,"column":36}},"3":{"start":{"line":6,"column":0},"end":{"line":6,"column":49}},"4":{"start":{"line":7,"column":0},"end":{"line":7,"column":52}},"5":{"start":{"line":8,"column":0},"end":{"line":8,"column":32}},"6":{"start":{"line":11,"column":0},"end":{"line":11,"column":23}}},"fnMap":{},"branchMap":{},"s":{"0":2,"1":2,"2":2,"3":2,"4":2,"5":2,"6":2},"f":{},"b":{},"_coverageSchema":"1a1c01bbd47fc00a2c39e90264f33305004495a9","hash":"6e499d5bba05ac64eb87f6deecb2caa7861f3638"}
,"D:\\Kuliah\\Semester 7\\MSIB-hacktiv8\\Final-Project\\KS04-kelompok4-finalProject4\\routes\\UsersRouter.js": {"path":"D:\\Kuliah\\Semester 7\\MSIB-hacktiv8\\Final-Project\\KS04-kelompok4-finalProject4\\routes\\UsersRouter.js","statementMap":{"0":{"start":{"line":1,"column":15},"end":{"line":1,"column":42}},"1":{"start":{"line":2,"column":14},"end":{"line":2,"column":55}},"2":{"start":{"line":3,"column":33},"end":{"line":3,"column":83}},"3":{"start":{"line":5,"column":0},"end":{"line":5,"column":40}},"4":{"start":{"line":6,"column":0},"end":{"line":6,"column":34}},"5":{"start":{"line":7,"column":0},"end":{"line":7,"column":36}},"6":{"start":{"line":8,"column":0},"end":{"line":8,"column":37}},"7":{"start":{"line":9,"column":0},"end":{"line":9,"column":40}},"8":{"start":{"line":11,"column":0},"end":{"line":11,"column":23}}},"fnMap":{},"branchMap":{},"s":{"0":2,"1":2,"2":2,"3":2,"4":2,"5":2,"6":2,"7":2,"8":2},"f":{},"b":{},"_coverageSchema":"1a1c01bbd47fc00a2c39e90264f33305004495a9","hash":"c8035362164c22e9c8fafb4de7b835a341e95bf4"}
}
