TN:
SF:index.js
FNF:0
FNH:0
DA:2,3
DA:3,3
DA:6,3
DA:7,3
DA:8,3
DA:9,3
DA:12,3
DA:14,3
DA:15,3
DA:16,3
DA:17,3
DA:19,3
DA:20,3
DA:21,3
DA:22,3
DA:29,3
LF:16
LH:16
BRF:0
BRH:0
end_of_record
TN:
SF:controllers/CommentsController.js
FN:4,(anonymous_0)
FN:21,(anonymous_1)
FN:41,(anonymous_2)
FN:60,(anonymous_3)
FNF:4
FNH:0
FNDA:0,(anonymous_0)
FNDA:0,(anonymous_1)
FNDA:0,(anonymous_2)
FNDA:0,(anonymous_3)
DA:1,3
DA:5,0
DA:6,0
DA:7,0
DA:8,0
DA:13,0
DA:17,0
DA:22,0
DA:23,0
DA:24,0
DA:25,0
DA:26,0
DA:29,0
DA:30,0
DA:31,0
DA:32,0
DA:33,0
DA:37,0
DA:42,0
DA:43,0
DA:44,0
DA:45,0
DA:48,0
DA:49,0
DA:50,0
DA:51,0
DA:52,0
DA:56,0
DA:61,0
DA:62,0
DA:63,0
DA:76,0
DA:77,0
DA:81,0
DA:86,3
LF:35
LH:2
BRDA:29,0,0,0
BRDA:29,0,1,0
BRDA:48,1,0,0
BRDA:48,1,1,0
BRDA:51,2,0,0
BRDA:51,2,1,0
BRDA:76,3,0,0
BRDA:76,3,1,0
BRF:8
BRH:0
end_of_record
TN:
SF:controllers/PhotosController.js
FN:6,(anonymous_0)
FN:24,(anonymous_1)
FN:40,(anonymous_2)
FN:56,(anonymous_3)
FNF:4
FNH:4
FNDA:1,(anonymous_0)
FNDA:1,(anonymous_1)
FNDA:1,(anonymous_2)
FNDA:1,(anonymous_3)
DA:2,3
DA:3,3
DA:7,1
DA:8,1
DA:9,1
DA:10,1
DA:11,1
DA:19,0
DA:20,0
DA:25,1
DA:26,1
DA:27,1
DA:28,1
DA:29,1
DA:30,1
DA:31,1
DA:32,1
DA:36,0
DA:41,1
DA:42,1
DA:43,1
DA:44,1
DA:45,1
DA:46,1
DA:47,1
DA:48,1
DA:52,0
DA:57,1
DA:58,1
DA:59,1
DA:76,1
DA:80,0
DA:81,0
DA:87,3
LF:34
LH:28
BRDA:29,0,0,0
BRDA:29,0,1,1
BRDA:45,1,0,0
BRDA:45,1,1,1
BRDA:47,2,0,0
BRDA:47,2,1,1
BRF:6
BRH:3
end_of_record
TN:
SF:controllers/SocialMediaController.js
FN:4,(anonymous_0)
FN:17,(anonymous_1)
FN:34,(anonymous_2)
FN:50,(anonymous_3)
FNF:4
FNH:3
FNDA:2,(anonymous_0)
FNDA:0,(anonymous_1)
FNDA:1,(anonymous_2)
FNDA:1,(anonymous_3)
DA:1,3
DA:5,2
DA:6,2
DA:7,2
DA:8,2
DA:9,2
DA:10,2
DA:14,0
DA:18,0
DA:19,0
DA:20,0
DA:21,0
DA:22,0
DA:23,0
DA:24,0
DA:25,0
DA:26,0
DA:30,0
DA:35,1
DA:36,1
DA:37,1
DA:38,1
DA:39,1
DA:40,0
DA:41,0
DA:42,0
DA:46,0
DA:51,1
DA:52,1
DA:53,1
DA:60,1
DA:64,0
DA:70,3
LF:33
LH:17
BRDA:23,0,0,0
BRDA:23,0,1,0
BRDA:39,1,0,1
BRDA:39,1,1,0
BRDA:41,2,0,0
BRDA:41,2,1,0
BRF:6
BRH:1
end_of_record
TN:
SF:controllers/UsersController.js
FN:7,(anonymous_0)
FN:62,(anonymous_1)
FN:81,(anonymous_2)
FN:107,(anonymous_3)
FNF:4
FNH:3
FNDA:4,(anonymous_0)
FNDA:3,(anonymous_1)
FNDA:1,(anonymous_2)
FNDA:0,(anonymous_3)
DA:1,3
DA:3,3
DA:4,3
DA:16,4
DA:17,4
DA:18,4
DA:19,4
DA:20,4
DA:21,2
DA:24,2
DA:27,2
DA:28,0
DA:31,2
DA:34,2
DA:35,0
DA:38,2
DA:47,2
DA:58,0
DA:63,3
DA:64,3
DA:65,3
DA:69,3
DA:70,3
DA:71,0
DA:72,3
DA:73,3
DA:77,0
DA:82,1
DA:83,1
DA:84,1
DA:85,1
DA:86,0
DA:87,1
DA:88,1
DA:89,1
DA:100,0
DA:108,0
DA:109,0
DA:110,0
DA:111,0
DA:112,0
DA:113,0
DA:114,0
DA:118,0
DA:125,3
LF:45
LH:30
BRDA:20,0,0,2
BRDA:20,0,1,2
BRDA:27,1,0,0
BRDA:27,1,1,2
BRDA:34,2,0,0
BRDA:34,2,1,2
BRDA:69,3,0,0
BRDA:69,3,1,3
BRDA:70,4,0,0
BRDA:70,4,1,3
BRDA:85,5,0,0
BRDA:85,5,1,1
BRDA:111,6,0,0
BRDA:111,6,1,0
BRF:14
BRH:7
end_of_record
TN:
SF:helpers/Hash.js
FN:3,hash
FN:7,compare
FNF:2
FNH:2
FNDA:4,hash
FNDA:3,compare
DA:1,3
DA:4,4
DA:8,3
DA:11,3
LF:4
LH:4
BRF:0
BRH:0
end_of_record
TN:
SF:helpers/Jwt.js
FN:3,sign
FN:7,verify
FNF:2
FNH:2
FNDA:3,sign
FNDA:9,verify
DA:1,3
DA:4,3
DA:8,9
DA:11,3
LF:4
LH:4
BRF:0
BRH:0
end_of_record
TN:
SF:middlewares/AuthenticationMiddleware.js
FN:5,authenticationMiddleware
FNF:1
FNH:1
FNDA:9,authenticationMiddleware
DA:1,3
DA:3,3
DA:6,9
DA:7,9
DA:8,9
DA:9,9
DA:10,9
DA:11,9
DA:12,9
DA:13,9
DA:15,0
DA:19,3
LF:12
LH:11
BRDA:8,0,0,0
BRDA:8,0,1,9
BRDA:11,1,0,0
BRDA:11,1,1,9
BRF:4
BRH:2
end_of_record
TN:
SF:models/comment.js
FN:5,(anonymous_0)
FN:12,(anonymous_1)
FN:34,(anonymous_2)
FNF:3
FNH:2
FNDA:3,(anonymous_0)
FNDA:0,(anonymous_1)
FNDA:3,(anonymous_2)
DA:4,3
DA:5,3
DA:16,3
DA:34,3
DA:35,3
DA:36,3
DA:38,3
LF:7
LH:7
BRF:0
BRH:0
end_of_record
TN:
SF:models/index.js
FN:21,(anonymous_0)
FN:24,(anonymous_1)
FN:29,(anonymous_2)
FNF:3
FNH:3
FNDA:15,(anonymous_0)
FNDA:12,(anonymous_1)
FNDA:12,(anonymous_2)
DA:3,3
DA:4,3
DA:5,3
DA:6,3
DA:7,3
DA:8,3
DA:9,3
DA:10,3
DA:13,3
DA:14,0
DA:16,3
DA:19,3
DA:22,15
DA:25,12
DA:26,12
DA:29,3
DA:30,12
DA:31,12
DA:35,3
DA:36,3
DA:38,3
LF:21
LH:20
BRDA:8,0,0,3
BRDA:8,0,1,0
BRDA:13,1,0,0
BRDA:13,1,1,3
BRDA:22,2,0,15
BRDA:22,2,1,15
BRDA:22,2,2,12
BRDA:30,3,0,12
BRDA:30,3,1,0
BRF:9
BRH:6
end_of_record
TN:
SF:models/photo.js
FN:5,(anonymous_0)
FN:12,(anonymous_1)
FN:68,(anonymous_2)
FNF:3
FNH:2
FNDA:3,(anonymous_0)
FNDA:0,(anonymous_1)
FNDA:3,(anonymous_2)
DA:4,3
DA:5,3
DA:16,3
DA:68,3
DA:69,3
DA:70,3
DA:72,3
LF:7
LH:7
BRF:0
BRH:0
end_of_record
TN:
SF:models/socialmedia.js
FN:5,(anonymous_0)
FN:12,(anonymous_1)
FN:53,(anonymous_2)
FNF:3
FNH:2
FNDA:3,(anonymous_0)
FNDA:0,(anonymous_1)
FNDA:3,(anonymous_2)
DA:4,3
DA:5,3
DA:16,3
DA:53,3
DA:54,3
DA:56,3
LF:6
LH:6
BRF:0
BRH:0
end_of_record
TN:
SF:models/user.js
FN:5,(anonymous_0)
FN:12,(anonymous_1)
FN:102,(anonymous_2)
FNF:3
FNH:2
FNDA:3,(anonymous_0)
FNDA:0,(anonymous_1)
FNDA:3,(anonymous_2)
DA:4,3
DA:5,3
DA:16,3
DA:102,3
DA:104,3
LF:5
LH:5
BRF:0
BRH:0
end_of_record
TN:
SF:routes/CommentsRouter.js
FNF:0
FNH:0
DA:1,3
DA:2,3
DA:4,3
DA:5,3
DA:6,3
DA:7,3
DA:9,3
LF:7
LH:7
BRF:0
BRH:0
end_of_record
TN:
SF:routes/PhotosRouter.js
FNF:0
FNH:0
DA:1,3
DA:2,3
DA:4,3
DA:5,3
DA:6,3
DA:7,3
DA:12,3
LF:7
LH:7
BRF:0
BRH:0
end_of_record
TN:
SF:routes/SocialMediaRouter.js
FNF:0
FNH:0
DA:1,3
DA:2,3
DA:5,3
DA:6,3
DA:7,3
DA:8,3
DA:11,3
LF:7
LH:7
BRF:0
BRH:0
end_of_record
TN:
SF:routes/UsersRouter.js
FNF:0
FNH:0
DA:1,3
DA:2,3
DA:3,3
DA:5,3
DA:6,3
DA:7,3
DA:8,3
DA:9,3
DA:11,3
LF:9
LH:9
BRF:0
BRH:0
end_of_record
