TN:
SF:index.js
FNF:0
FNH:0
DA:2,2
DA:3,2
DA:6,2
DA:7,2
DA:8,2
DA:9,2
DA:12,2
DA:14,2
DA:15,2
DA:16,2
DA:17,2
DA:19,2
DA:20,2
DA:21,2
DA:22,2
DA:29,2
LF:16
LH:16
BRF:0
BRH:0
end_of_record
TN:
SF:controllers\CommentsController.js
FN:4,(anonymous_0)
FN:18,(anonymous_1)
FN:35,(anonymous_2)
FN:51,(anonymous_3)
FNF:4
FNH:0
FNDA:0,(anonymous_0)
FNDA:0,(anonymous_1)
FNDA:0,(anonymous_2)
FNDA:0,(anonymous_3)
DA:1,2
DA:5,0
DA:6,0
DA:7,0
DA:8,0
DA:9,0
DA:14,0
DA:19,0
DA:20,0
DA:21,0
DA:22,0
DA:23,0
DA:24,0
DA:25,0
DA:26,0
DA:27,0
DA:31,0
DA:36,0
DA:37,0
DA:38,0
DA:39,0
DA:40,0
DA:41,0
DA:42,0
DA:43,0
DA:47,0
DA:52,0
DA:53,0
DA:54,0
DA:64,0
DA:65,0
DA:69,0
DA:75,2
LF:33
LH:2
BRDA:24,0,0,0
BRDA:24,0,1,0
BRDA:40,1,0,0
BRDA:40,1,1,0
BRDA:42,2,0,0
BRDA:42,2,1,0
BRDA:64,3,0,0
BRDA:64,3,1,0
BRF:8
BRH:0
end_of_record
TN:
SF:controllers\PhotosController.js
FN:6,(anonymous_0)
FN:24,(anonymous_1)
FN:40,(anonymous_2)
FN:56,(anonymous_3)
FNF:4
FNH:0
FNDA:0,(anonymous_0)
FNDA:0,(anonymous_1)
FNDA:0,(anonymous_2)
FNDA:0,(anonymous_3)
DA:2,2
DA:3,2
DA:7,0
DA:8,0
DA:9,0
DA:10,0
DA:11,0
DA:19,0
DA:20,0
DA:25,0
DA:26,0
DA:27,0
DA:28,0
DA:29,0
DA:30,0
DA:31,0
DA:32,0
DA:36,0
DA:41,0
DA:42,0
DA:43,0
DA:44,0
DA:45,0
DA:46,0
DA:47,0
DA:48,0
DA:52,0
DA:57,0
DA:58,0
DA:59,0
DA:76,0
DA:80,0
DA:81,0
DA:87,2
LF:34
LH:3
BRDA:29,0,0,0
BRDA:29,0,1,0
BRDA:45,1,0,0
BRDA:45,1,1,0
BRDA:47,2,0,0
BRDA:47,2,1,0
BRF:6
BRH:0
end_of_record
TN:
SF:controllers\SocialMediaController.js
FN:4,(anonymous_0)
FN:16,(anonymous_1)
FN:33,(anonymous_2)
FN:49,(anonymous_3)
FNF:4
FNH:4
FNDA:3,(anonymous_0)
FNDA:4,(anonymous_1)
FNDA:3,(anonymous_2)
FNDA:1,(anonymous_3)
DA:1,2
DA:5,3
DA:6,3
DA:7,3
DA:8,3
DA:9,1
DA:13,2
DA:17,4
DA:18,4
DA:19,4
DA:20,4
DA:21,4
DA:22,4
DA:23,2
DA:24,1
DA:25,1
DA:29,1
DA:34,3
DA:35,3
DA:36,3
DA:37,3
DA:38,2
DA:39,1
DA:40,1
DA:41,1
DA:45,1
DA:50,1
DA:51,1
DA:52,1
DA:59,1
DA:63,0
DA:69,2
LF:32
LH:31
BRDA:22,0,0,2
BRDA:22,0,1,2
BRDA:38,1,0,1
BRDA:38,1,1,1
BRDA:40,2,0,0
BRDA:40,2,1,1
BRF:6
BRH:5
end_of_record
TN:
SF:controllers\UsersController.js
FN:7,(anonymous_0)
FN:39,(anonymous_1)
FN:54,(anonymous_2)
FN:79,(anonymous_3)
FNF:4
FNH:4
FNDA:4,(anonymous_0)
FNDA:3,(anonymous_1)
FNDA:3,(anonymous_2)
FNDA:2,(anonymous_3)
DA:1,2
DA:3,2
DA:4,2
DA:8,4
DA:9,4
DA:10,4
DA:11,4
DA:12,4
DA:15,3
DA:16,3
DA:19,2
DA:20,2
DA:23,1
DA:24,1
DA:35,0
DA:40,3
DA:41,3
DA:42,3
DA:43,3
DA:44,2
DA:45,1
DA:46,1
DA:50,0
DA:55,3
DA:56,3
DA:57,3
DA:58,3
DA:59,2
DA:60,1
DA:61,1
DA:72,1
DA:80,2
DA:81,2
DA:82,2
DA:83,2
DA:84,1
DA:85,1
DA:89,0
DA:96,2
LF:39
LH:36
BRDA:12,0,0,1
BRDA:12,0,1,3
BRDA:16,1,0,1
BRDA:16,1,1,2
BRDA:20,2,0,1
BRDA:20,2,1,1
BRDA:43,3,0,1
BRDA:43,3,1,2
BRDA:44,4,0,1
BRDA:44,4,1,1
BRDA:58,5,0,1
BRDA:58,5,1,2
BRDA:83,6,0,1
BRDA:83,6,1,1
BRF:14
BRH:14
end_of_record
TN:
SF:helpers\Hash.js
FN:3,hash
FN:7,compare
FNF:2
FNH:2
FNDA:5,hash
FNDA:2,compare
DA:1,2
DA:4,5
DA:8,2
DA:11,2
LF:4
LH:4
BRF:0
BRH:0
end_of_record
TN:
SF:helpers\Jwt.js
FN:3,sign
FN:7,verify
FNF:2
FNH:2
FNDA:3,sign
FNDA:18,verify
DA:1,2
DA:4,3
DA:8,18
DA:11,2
LF:4
LH:4
BRF:0
BRH:0
end_of_record
TN:
SF:middlewares\AuthenticationMiddleware.js
FN:5,authenticationMiddleware
FNF:1
FNH:1
FNDA:19,authenticationMiddleware
DA:1,2
DA:3,2
DA:6,19
DA:7,19
DA:8,19
DA:9,17
DA:10,16
DA:11,16
DA:12,16
DA:13,16
DA:15,1
DA:19,2
LF:12
LH:12
BRDA:8,0,0,2
BRDA:8,0,1,17
BRDA:11,1,0,0
BRDA:11,1,1,16
BRF:4
BRH:3
end_of_record
TN:
SF:models\comment.js
FN:5,(anonymous_0)
FN:12,(anonymous_1)
FN:34,(anonymous_2)
FNF:3
FNH:2
FNDA:2,(anonymous_0)
FNDA:0,(anonymous_1)
FNDA:2,(anonymous_2)
DA:4,2
DA:5,2
DA:16,2
DA:34,2
DA:35,2
DA:36,2
DA:38,2
LF:7
LH:7
BRF:0
BRH:0
end_of_record
TN:
SF:models\index.js
FN:21,(anonymous_0)
FN:24,(anonymous_1)
FN:29,(anonymous_2)
FNF:3
FNH:3
FNDA:10,(anonymous_0)
FNDA:8,(anonymous_1)
FNDA:8,(anonymous_2)
DA:3,2
DA:4,2
DA:5,2
DA:6,2
DA:7,2
DA:8,2
DA:9,2
DA:10,2
DA:13,2
DA:14,0
DA:16,2
DA:19,2
DA:22,10
DA:25,8
DA:26,8
DA:29,2
DA:30,8
DA:31,8
DA:35,2
DA:36,2
DA:38,2
LF:21
LH:20
BRDA:8,0,0,2
BRDA:8,0,1,0
BRDA:13,1,0,0
BRDA:13,1,1,2
BRDA:22,2,0,10
BRDA:22,2,1,10
BRDA:22,2,2,8
BRDA:30,3,0,8
BRDA:30,3,1,0
BRF:9
BRH:6
end_of_record
TN:
SF:models\photo.js
FN:5,(anonymous_0)
FN:12,(anonymous_1)
FN:68,(anonymous_2)
FNF:3
FNH:2
FNDA:2,(anonymous_0)
FNDA:0,(anonymous_1)
FNDA:2,(anonymous_2)
DA:4,2
DA:5,2
DA:16,2
DA:68,2
DA:69,2
DA:70,2
DA:72,2
LF:7
LH:7
BRF:0
BRH:0
end_of_record
TN:
SF:models\socialmedia.js
FN:5,(anonymous_0)
FN:12,(anonymous_1)
FN:53,(anonymous_2)
FNF:3
FNH:2
FNDA:2,(anonymous_0)
FNDA:0,(anonymous_1)
FNDA:2,(anonymous_2)
DA:4,2
DA:5,2
DA:16,2
DA:53,2
DA:54,2
DA:56,2
LF:6
LH:6
BRF:0
BRH:0
end_of_record
TN:
SF:models\user.js
FN:5,(anonymous_0)
FN:12,(anonymous_1)
FN:102,(anonymous_2)
FNF:3
FNH:2
FNDA:2,(anonymous_0)
FNDA:0,(anonymous_1)
FNDA:2,(anonymous_2)
DA:4,2
DA:5,2
DA:16,2
DA:102,2
DA:104,2
LF:5
LH:5
BRF:0
BRH:0
end_of_record
TN:
SF:routes\CommentsRouter.js
FNF:0
FNH:0
DA:1,2
DA:2,2
DA:4,2
DA:5,2
DA:6,2
DA:7,2
DA:9,2
LF:7
LH:7
BRF:0
BRH:0
end_of_record
TN:
SF:routes\PhotosRouter.js
FNF:0
FNH:0
DA:1,2
DA:2,2
DA:4,2
DA:5,2
DA:6,2
DA:7,2
DA:12,2
LF:7
LH:7
BRF:0
BRH:0
end_of_record
TN:
SF:routes\SocialMediaRouter.js
FNF:0
FNH:0
DA:1,2
DA:2,2
DA:5,2
DA:6,2
DA:7,2
DA:8,2
DA:11,2
LF:7
LH:7
BRF:0
BRH:0
end_of_record
TN:
SF:routes\UsersRouter.js
FNF:0
FNH:0
DA:1,2
DA:2,2
DA:3,2
DA:5,2
DA:6,2
DA:7,2
DA:8,2
DA:9,2
DA:11,2
LF:9
LH:9
BRF:0
BRH:0
end_of_record
